#
# There is insufficient memory for the Java Runtime Environment to continue.
# Native memory allocation (malloc) failed to allocate 1111056 bytes for Chunk::new
# Possible reasons:
#   The system is out of physical RAM or swap space
#   The process is running with CompressedOops enabled, and the Java Heap may be blocking the growth of the native heap
# Possible solutions:
#   Reduce memory load on the system
#   Increase physical memory or swap space
#   Check if swap backing store is full
#   Decrease Java heap size (-Xmx/-Xms)
#   Decrease number of Java threads
#   Decrease Java thread stack sizes (-Xss)
#   Set larger code cache with -XX:ReservedCodeCacheSize=
#   JVM is running with Unscaled Compressed Oops mode in which the Java heap is
#     placed in the first 4GB address space. The Java Heap base address is the
#     maximum limit for the native heap growth. Please use -XX:HeapBaseMinAddress
#     to set the Java Heap base and to place the Java Heap above 4GB virtual address.
# This output file may be truncated or incomplete.
#
#  Out of Memory Error (arena.cpp:189), pid=9340, tid=21948
#
# JRE version: OpenJDK Runtime Environment (17.0.6) (build 17.0.6+0-b2043.56-10027231)
# Java VM: OpenJDK 64-Bit Server VM (17.0.6+0-b2043.56-10027231, mixed mode, tiered, compressed oops, compressed class ptrs, g1 gc, windows-amd64)
# No core dump will be written. Minidumps are not enabled by default on client versions of Windows
#

---------------  S U M M A R Y ------------

Command Line: --add-opens=java.base/java.util=ALL-UNNAMED --add-opens=java.base/java.lang=ALL-UNNAMED --add-opens=java.base/java.lang.invoke=ALL-UNNAMED --add-opens=java.base/java.util=ALL-UNNAMED --add-opens=java.prefs/java.util.prefs=ALL-UNNAMED --add-opens=java.prefs/java.util.prefs=ALL-UNNAMED --add-opens=java.base/java.nio.charset=ALL-UNNAMED --add-opens=java.base/java.net=ALL-UNNAMED --add-opens=java.base/java.util.concurrent.atomic=ALL-UNNAMED -Xmx2048m -Dfile.encoding=UTF-8 -Duser.country=ID -Duser.language=en -Duser.variant org.gradle.launcher.daemon.bootstrap.GradleDaemon 7.5

Host: 11th Gen Intel(R) Core(TM) i5-11320H @ 3.20GHz, 8 cores, 15G,  Windows 11 , 64 bit Build 22621 (10.0.22621.3235)
Time: Mon Mar 25 12:27:17 2024 SE Asia Standard Time elapsed time: 163.126801 seconds (0d 0h 2m 43s)

---------------  T H R E A D  ---------------

Current thread (0x000001f09386f990):  JavaThread "C2 CompilerThread0" daemon [_thread_in_native, id=21948, stack(0x0000007471900000,0x0000007471a00000)]


Current CompileTask:
C2: 163126 18872       4       org.gradle.api.internal.artifacts.ivyservice.resolveengine.result.DesugaredAttributeContainerSerializer::read (155 bytes)

Stack: [0x0000007471900000,0x0000007471a00000]
Native frames: (J=compiled Java code, j=interpreted, Vv=VM code, C=native code)
V  [jvm.dll+0x683c9a]
V  [jvm.dll+0x8427a4]
V  [jvm.dll+0x843f9e]
V  [jvm.dll+0x844603]
V  [jvm.dll+0x249b75]
V  [jvm.dll+0xabcac]
V  [jvm.dll+0xac27c]
V  [jvm.dll+0x368802]
V  [jvm.dll+0x332f31]
V  [jvm.dll+0x3323da]
V  [jvm.dll+0x21c201]
V  [jvm.dll+0x21b621]
V  [jvm.dll+0x1a4fdd]
V  [jvm.dll+0x22b098]
V  [jvm.dll+0x229159]
V  [jvm.dll+0x7f81ec]
V  [jvm.dll+0x7f274a]
V  [jvm.dll+0x682ad5]
C  [ucrtbase.dll+0x29363]
C  [KERNEL32.DLL+0x1257d]
C  [ntdll.dll+0x5aa58]


---------------  P R O C E S S  ---------------

Threads class SMR info:
_java_thread_list=0x000001f097bc8a20, length=107, elements={
0x000001f0f90119f0, 0x000001f093832120, 0x000001f093833380, 0x000001f09384b570,
0x000001f09384c030, 0x000001f09384cbe0, 0x000001f09386eff0, 0x000001f09386f990,
0x000001f093870430, 0x000001f0938744f0, 0x000001f093a28010, 0x000001f093a2e500,
0x000001f095fae670, 0x000001f096684ff0, 0x000001f095df8c50, 0x000001f096742bc0,
0x000001f096740a10, 0x000001f096743560, 0x000001f096743090, 0x000001f096741880,
0x000001f096740070, 0x000001f0976dde10, 0x000001f0976d95e0, 0x000001f0976dcfa0,
0x000001f0976df620, 0x000001f0976dc130, 0x000001f0976d8c40, 0x000001f09992aaf0,
0x000001f099925450, 0x000001f099925920, 0x000001f099928e10, 0x000001f09b8e75e0,
0x000001f09f909ae0, 0x000001f09f908c70, 0x000001f09f909610, 0x000001f09f904910,
0x000001f09f909fb0, 0x000001f099927600, 0x000001f099927fa0, 0x000001f09c81b2c0,
0x000001f09b8d6bb0, 0x000001f09b8d9700, 0x000001f09b8d4a00, 0x000001f09b8d6210,
0x000001f09b8d4ed0, 0x000001f09b8d4060, 0x000001f09b8d7080, 0x000001f09b8d53a0,
0x000001f09b8d5d40, 0x000001f09b8daf10, 0x000001f09b8d4530, 0x000001f09b8d7550,
0x000001f09b8d8890, 0x000001f09b8d7a20, 0x000001f09b8d7ef0, 0x000001f09b8d83c0,
0x000001f09b8d8d60, 0x000001f09b8db3e0, 0x000001f09b8d9230, 0x000001f09b8d9bd0,
0x000001f09b8da0a0, 0x000001f09b8da570, 0x000001f09b8e6c40, 0x000001f09b8edaf0,
0x000001f09b8e9790, 0x000001f09b8e6770, 0x000001f09b8ecc80, 0x000001f09b8e9c60,
0x000001f09b8ed150, 0x000001f09b8ed620, 0x000001f09b8e8450, 0x000001f09b8edfc0,
0x000001f09b8eafa0, 0x000001f09b8e7110, 0x000001f09b8eb470, 0x000001f09b8eb940,
0x000001f09b8ebe10, 0x000001f09b8ec2e0, 0x000001f0976d8770, 0x000001f0976dd940,
0x000001f0976da920, 0x000001f0976da450, 0x000001f0976de7b0, 0x000001f0976d9110,
0x000001f0976dbc60, 0x000001f0976dadf0, 0x000001f0976db2c0, 0x000001f0976dfaf0,
0x000001f0976dec80, 0x000001f0976df150, 0x000001f0976dffc0, 0x000001f0976d9ab0,
0x000001f0976d9f80, 0x000001f0999292e0, 0x000001f0999262c0, 0x000001f099928940,
0x000001f0999232a0, 0x000001f099927ad0, 0x000001f099923c40, 0x000001f0999297b0,
0x000001f099929c80, 0x000001f099926790, 0x000001f09992a150, 0x000001f099924110,
0x000001f0999245e0, 0x000001f099924ab0, 0x000001f099924f80
}
_to_delete_list=0x000001f097bc9170, length=105, elements={
0x000001f0f90119f0, 0x000001f093832120, 0x000001f093833380, 0x000001f09384b570,
0x000001f09384c030, 0x000001f09384cbe0, 0x000001f09386eff0, 0x000001f09386f990,
0x000001f093870430, 0x000001f0938744f0, 0x000001f093a28010, 0x000001f093a2e500,
0x000001f095fae670, 0x000001f096684ff0, 0x000001f095df8c50, 0x000001f096742bc0,
0x000001f096740a10, 0x000001f096743560, 0x000001f096743090, 0x000001f096741880,
0x000001f096740070, 0x000001f0976dde10, 0x000001f0976d95e0, 0x000001f0976dcfa0,
0x000001f0976df620, 0x000001f0976dc130, 0x000001f0976d8c40, 0x000001f09992aaf0,
0x000001f099925450, 0x000001f099925920, 0x000001f099928e10, 0x000001f09b8e75e0,
0x000001f09f909ae0, 0x000001f09f908c70, 0x000001f09f909610, 0x000001f09f904910,
0x000001f09f909fb0, 0x000001f099927600, 0x000001f099927fa0, 0x000001f09c81b2c0,
0x000001f09b8d6bb0, 0x000001f09b8d9700, 0x000001f09b8d4a00, 0x000001f09b8d6210,
0x000001f09b8d4ed0, 0x000001f09b8d4060, 0x000001f09b8d7080, 0x000001f09b8d53a0,
0x000001f09b8d5d40, 0x000001f09b8daf10, 0x000001f09b8d4530, 0x000001f09b8d7550,
0x000001f09b8d8890, 0x000001f09b8d7a20, 0x000001f09b8d7ef0, 0x000001f09b8d83c0,
0x000001f09b8d8d60, 0x000001f09b8db3e0, 0x000001f09b8d9230, 0x000001f09b8d9bd0,
0x000001f09b8da0a0, 0x000001f09b8da570, 0x000001f09b8e6c40, 0x000001f09b8edaf0,
0x000001f09b8e9790, 0x000001f09b8e6770, 0x000001f09b8ecc80, 0x000001f09b8e9c60,
0x000001f09b8ed150, 0x000001f09b8ed620, 0x000001f09b8e8450, 0x000001f09b8edfc0,
0x000001f09b8eafa0, 0x000001f09b8e7110, 0x000001f09b8eb470, 0x000001f09b8eb940,
0x000001f09b8ebe10, 0x000001f09b8ec2e0, 0x000001f0976d8770, 0x000001f0976dd940,
0x000001f0976da920, 0x000001f0976da450, 0x000001f0976de7b0, 0x000001f0976d9110,
0x000001f0976dbc60, 0x000001f0976dadf0, 0x000001f0976db2c0, 0x000001f0976dfaf0,
0x000001f0976dec80, 0x000001f0976df150, 0x000001f0976dffc0, 0x000001f0976d9ab0,
0x000001f0976d9f80, 0x000001f0999292e0, 0x000001f0999262c0, 0x000001f099928940,
0x000001f0999232a0, 0x000001f099927ad0, 0x000001f099923c40, 0x000001f0999297b0,
0x000001f099929c80, 0x000001f099926790, 0x000001f09992a150, 0x000001f099924110,
0x000001f0999245e0
}

Java Threads: ( => current thread )
  0x000001f0f90119f0 JavaThread "main" [_thread_blocked, id=12660, stack(0x0000007470c00000,0x0000007470d00000)]
  0x000001f093832120 JavaThread "Reference Handler" daemon [_thread_blocked, id=10956, stack(0x0000007471300000,0x0000007471400000)]
  0x000001f093833380 JavaThread "Finalizer" daemon [_thread_blocked, id=24132, stack(0x0000007471400000,0x0000007471500000)]
  0x000001f09384b570 JavaThread "Signal Dispatcher" daemon [_thread_blocked, id=33980, stack(0x0000007471500000,0x0000007471600000)]
  0x000001f09384c030 JavaThread "Attach Listener" daemon [_thread_blocked, id=18280, stack(0x0000007471600000,0x0000007471700000)]
  0x000001f09384cbe0 JavaThread "Service Thread" daemon [_thread_blocked, id=30876, stack(0x0000007471700000,0x0000007471800000)]
  0x000001f09386eff0 JavaThread "Monitor Deflation Thread" daemon [_thread_blocked, id=34760, stack(0x0000007471800000,0x0000007471900000)]
=>0x000001f09386f990 JavaThread "C2 CompilerThread0" daemon [_thread_in_native, id=21948, stack(0x0000007471900000,0x0000007471a00000)]
  0x000001f093870430 JavaThread "C1 CompilerThread0" daemon [_thread_blocked, id=33460, stack(0x0000007471a00000,0x0000007471b00000)]
  0x000001f0938744f0 JavaThread "Sweeper thread" daemon [_thread_blocked, id=10284, stack(0x0000007471b00000,0x0000007471c00000)]
  0x000001f093a28010 JavaThread "Common-Cleaner" daemon [_thread_blocked, id=16180, stack(0x0000007471c00000,0x0000007471d00000)]
  0x000001f093a2e500 JavaThread "Notification Thread" daemon [_thread_blocked, id=34080, stack(0x0000007471d00000,0x0000007471e00000)]
  0x000001f095fae670 JavaThread "Daemon health stats" [_thread_blocked, id=21176, stack(0x0000007472700000,0x0000007472800000)]
  0x000001f096684ff0 JavaThread "Incoming local TCP Connector on port 56100" [_thread_in_native, id=16120, stack(0x0000007472800000,0x0000007472900000)]
  0x000001f095df8c50 JavaThread "Daemon periodic checks" [_thread_blocked, id=10080, stack(0x0000007472900000,0x0000007472a00000)]
  0x000001f096742bc0 JavaThread "Cache worker for journal cache (C:\Users\LENOVO\.gradle\caches\journal-1)" [_thread_blocked, id=14228, stack(0x0000007473100000,0x0000007473200000)]
  0x000001f096740a10 JavaThread "File lock request listener" [_thread_in_native, id=24804, stack(0x0000007473200000,0x0000007473300000)]
  0x000001f096743560 JavaThread "Cache worker for file hash cache (C:\Users\LENOVO\.gradle\caches\7.5\fileHashes)" [_thread_blocked, id=27604, stack(0x0000007473600000,0x0000007473700000)]
  0x000001f096743090 JavaThread "File watcher server" daemon [_thread_in_native, id=27312, stack(0x0000007472100000,0x0000007472200000)]
  0x000001f096741880 JavaThread "File watcher consumer" daemon [_thread_blocked, id=33232, stack(0x0000007473700000,0x0000007473800000)]
  0x000001f096740070 JavaThread "Cache worker for file content cache (C:\Users\LENOVO\.gradle\caches\7.5\fileContent)" [_thread_blocked, id=13236, stack(0x0000007473a00000,0x0000007473b00000)]
  0x000001f0976dde10 JavaThread "Cache worker for execution history cache (C:\Users\LENOVO\.gradle\caches\7.5\executionHistory)" [_thread_blocked, id=22656, stack(0x0000007473d00000,0x0000007473e00000)]
  0x000001f0976d95e0 JavaThread "jar transforms" [_thread_blocked, id=28732, stack(0x0000007473e00000,0x0000007473f00000)]
  0x000001f0976dcfa0 JavaThread "jar transforms Thread 2" [_thread_blocked, id=19548, stack(0x0000007473f00000,0x0000007474000000)]
  0x000001f0976df620 JavaThread "jar transforms Thread 3" [_thread_blocked, id=12980, stack(0x0000007474100000,0x0000007474200000)]
  0x000001f0976dc130 JavaThread "jar transforms Thread 4" [_thread_blocked, id=27764, stack(0x0000007474200000,0x0000007474300000)]
  0x000001f0976d8c40 JavaThread "jar transforms Thread 5" [_thread_blocked, id=33508, stack(0x0000007474400000,0x0000007474500000)]
  0x000001f09992aaf0 JavaThread "jar transforms Thread 6" [_thread_blocked, id=31804, stack(0x0000007479600000,0x0000007479700000)]
  0x000001f099925450 JavaThread "jar transforms Thread 7" [_thread_blocked, id=7380, stack(0x0000007479700000,0x0000007479800000)]
  0x000001f099925920 JavaThread "jar transforms Thread 8" [_thread_blocked, id=33280, stack(0x0000007479800000,0x0000007479900000)]
  0x000001f099928e10 JavaThread "Memory manager" [_thread_blocked, id=26932, stack(0x0000007479a00000,0x0000007479b00000)]
  0x000001f09b8e75e0 JavaThread "Cache worker for Java compile cache (C:\Users\LENOVO\.gradle\caches\7.5\javaCompile)" [_thread_blocked, id=2540, stack(0x000000747a400000,0x000000747a500000)]
  0x000001f09f909ae0 JavaThread "ForkJoinPool.commonPool-worker-2" daemon [_thread_blocked, id=34236, stack(0x000000747b700000,0x000000747b800000)]
  0x000001f09f908c70 JavaThread "ForkJoinPool.commonPool-worker-3" daemon [_thread_blocked, id=600, stack(0x000000747b800000,0x000000747b900000)]
  0x000001f09f909610 JavaThread "ForkJoinPool.commonPool-worker-4" daemon [_thread_blocked, id=34024, stack(0x000000747b900000,0x000000747ba00000)]
  0x000001f09f904910 JavaThread "ForkJoinPool.commonPool-worker-5" daemon [_thread_blocked, id=15704, stack(0x000000747ba00000,0x000000747bb00000)]
  0x000001f09f909fb0 JavaThread "ForkJoinPool.commonPool-worker-7" daemon [_thread_blocked, id=33412, stack(0x000000747bc00000,0x000000747bd00000)]
  0x000001f099927600 JavaThread "Daemon Thread 2" [_thread_blocked, id=29580, stack(0x0000007470a00000,0x0000007470b00000)]
  0x000001f099927fa0 JavaThread "Daemon worker Thread 2" [_thread_in_vm, id=33740, stack(0x0000007472000000,0x0000007472100000)]
  0x000001f09c81b2c0 JavaThread "included builds" [_thread_blocked, id=18928, stack(0x0000007479300000,0x0000007479400000)]
  0x000001f09b8d6bb0 JavaThread "Handler for socket connection from /127.0.0.1:56100 to /127.0.0.1:58041" [_thread_in_native, id=21852, stack(0x0000007470b00000,0x0000007470c00000)]
  0x000001f09b8d9700 JavaThread "Cancel handler" [_thread_blocked, id=26748, stack(0x0000007471f00000,0x0000007472000000)]
  0x000001f09b8d4a00 JavaThread "Asynchronous log dispatcher for DefaultDaemonConnection: socket connection from /127.0.0.1:56100 to /127.0.0.1:58041" [_thread_blocked, id=11964, stack(0x0000007472a00000,0x0000007472b00000)]
  0x000001f09b8d6210 JavaThread "Stdin handler" [_thread_blocked, id=1156, stack(0x0000007472b00000,0x0000007472c00000)]
  0x000001f09b8d4ed0 JavaThread "Daemon client event forwarder" [_thread_blocked, id=24900, stack(0x0000007472c00000,0x0000007472d00000)]
  0x000001f09b8d4060 JavaThread "Cache worker for checksums cache (C:\Users\LENOVO\AndroidStudioProjects\Android_CRUD-master\.gradle\7.5\checksums)" [_thread_blocked, id=14468, stack(0x0000007472d00000,0x0000007472e00000)]
  0x000001f09b8d7080 JavaThread "Cache worker for cache directory md-rule (C:\Users\LENOVO\.gradle\caches\7.5\md-rule)" [_thread_blocked, id=14968, stack(0x0000007472e00000,0x0000007472f00000)]
  0x000001f09b8d53a0 JavaThread "Cache worker for file hash cache (C:\Users\LENOVO\AndroidStudioProjects\Android_CRUD-master\.gradle\7.5\fileHashes)" [_thread_blocked, id=34328, stack(0x0000007472f00000,0x0000007473000000)]
  0x000001f09b8d5d40 JavaThread "Cache worker for cache directory md-supplier (C:\Users\LENOVO\.gradle\caches\7.5\md-supplier)" [_thread_blocked, id=31016, stack(0x0000007473000000,0x0000007473100000)]
  0x000001f09b8daf10 JavaThread "Cache worker for dependencies-accessors (C:\Users\LENOVO\AndroidStudioProjects\Android_CRUD-master\.gradle\7.5\dependencies-accessors)" [_thread_blocked, id=34308, stack(0x0000007473800000,0x0000007473900000)]
  0x000001f09b8d4530 JavaThread "Cache worker for Build Output Cleanup Cache (C:\Users\LENOVO\AndroidStudioProjects\Android_CRUD-master\.gradle\buildOutputCleanup)" [_thread_blocked, id=26344, stack(0x0000007473900000,0x0000007473a00000)]
  0x000001f09b8d7550 JavaThread "Unconstrained build operations" [_thread_blocked, id=34056, stack(0x0000007473b00000,0x0000007473c00000)]
  0x000001f09b8d8890 JavaThread "Unconstrained build operations Thread 2" [_thread_blocked, id=31800, stack(0x0000007473c00000,0x0000007473d00000)]
  0x000001f09b8d7a20 JavaThread "Unconstrained build operations Thread 3" [_thread_blocked, id=22560, stack(0x0000007474000000,0x0000007474100000)]
  0x000001f09b8d7ef0 JavaThread "Unconstrained build operations Thread 4" [_thread_blocked, id=28840, stack(0x0000007474300000,0x0000007474400000)]
  0x000001f09b8d83c0 JavaThread "Unconstrained build operations Thread 5" [_thread_blocked, id=25524, stack(0x0000007474500000,0x0000007474600000)]
  0x000001f09b8d8d60 JavaThread "Unconstrained build operations Thread 6" [_thread_blocked, id=30992, stack(0x0000007474600000,0x0000007474700000)]
  0x000001f09b8db3e0 JavaThread "Unconstrained build operations Thread 7" [_thread_blocked, id=34532, stack(0x0000007474700000,0x0000007474800000)]
  0x000001f09b8d9230 JavaThread "Unconstrained build operations Thread 8" [_thread_blocked, id=33576, stack(0x0000007474800000,0x0000007474900000)]
  0x000001f09b8d9bd0 JavaThread "Unconstrained build operations Thread 9" [_thread_blocked, id=20176, stack(0x0000007474900000,0x0000007474a00000)]
  0x000001f09b8da0a0 JavaThread "Unconstrained build operations Thread 10" [_thread_blocked, id=20168, stack(0x0000007474a00000,0x0000007474b00000)]
  0x000001f09b8da570 JavaThread "Unconstrained build operations Thread 11" [_thread_blocked, id=28012, stack(0x0000007474b00000,0x0000007474c00000)]
  0x000001f09b8e6c40 JavaThread "Unconstrained build operations Thread 12" [_thread_blocked, id=2608, stack(0x0000007474c00000,0x0000007474d00000)]
  0x000001f09b8edaf0 JavaThread "Unconstrained build operations Thread 13" [_thread_blocked, id=29352, stack(0x0000007474d00000,0x0000007474e00000)]
  0x000001f09b8e9790 JavaThread "Unconstrained build operations Thread 14" [_thread_blocked, id=27132, stack(0x0000007474e00000,0x0000007474f00000)]
  0x000001f09b8e6770 JavaThread "Unconstrained build operations Thread 15" [_thread_blocked, id=13544, stack(0x0000007474f00000,0x0000007475000000)]
  0x000001f09b8ecc80 JavaThread "Unconstrained build operations Thread 16" [_thread_blocked, id=34400, stack(0x0000007475000000,0x0000007475100000)]
  0x000001f09b8e9c60 JavaThread "Unconstrained build operations Thread 17" [_thread_blocked, id=30672, stack(0x0000007475100000,0x0000007475200000)]
  0x000001f09b8ed150 JavaThread "Unconstrained build operations Thread 18" [_thread_blocked, id=14956, stack(0x0000007475200000,0x0000007475300000)]
  0x000001f09b8ed620 JavaThread "Unconstrained build operations Thread 19" [_thread_blocked, id=20040, stack(0x0000007475300000,0x0000007475400000)]
  0x000001f09b8e8450 JavaThread "Unconstrained build operations Thread 20" [_thread_blocked, id=32716, stack(0x0000007475400000,0x0000007475500000)]
  0x000001f09b8edfc0 JavaThread "Unconstrained build operations Thread 21" [_thread_blocked, id=2376, stack(0x0000007475500000,0x0000007475600000)]
  0x000001f09b8eafa0 JavaThread "Unconstrained build operations Thread 22" [_thread_blocked, id=27900, stack(0x0000007475600000,0x0000007475700000)]
  0x000001f09b8e7110 JavaThread "Unconstrained build operations Thread 23" [_thread_blocked, id=27968, stack(0x0000007475700000,0x0000007475800000)]
  0x000001f09b8eb470 JavaThread "Unconstrained build operations Thread 24" [_thread_blocked, id=33588, stack(0x0000007475800000,0x0000007475900000)]
  0x000001f09b8eb940 JavaThread "Unconstrained build operations Thread 25" [_thread_blocked, id=22688, stack(0x0000007475900000,0x0000007475a00000)]
  0x000001f09b8ebe10 JavaThread "Unconstrained build operations Thread 26" [_thread_blocked, id=29316, stack(0x0000007475a00000,0x0000007475b00000)]
  0x000001f09b8ec2e0 JavaThread "Unconstrained build operations Thread 27" [_thread_blocked, id=1524, stack(0x0000007475b00000,0x0000007475c00000)]
  0x000001f0976d8770 JavaThread "Unconstrained build operations Thread 28" [_thread_blocked, id=29268, stack(0x0000007475c00000,0x0000007475d00000)]
  0x000001f0976dd940 JavaThread "Unconstrained build operations Thread 29" [_thread_blocked, id=32260, stack(0x0000007475d00000,0x0000007475e00000)]
  0x000001f0976da920 JavaThread "Unconstrained build operations Thread 30" [_thread_blocked, id=34704, stack(0x0000007475e00000,0x0000007475f00000)]
  0x000001f0976da450 JavaThread "Unconstrained build operations Thread 31" [_thread_blocked, id=5200, stack(0x0000007475f00000,0x0000007476000000)]
  0x000001f0976de7b0 JavaThread "Unconstrained build operations Thread 32" [_thread_blocked, id=1056, stack(0x0000007476000000,0x0000007476100000)]
  0x000001f0976d9110 JavaThread "Unconstrained build operations Thread 33" [_thread_blocked, id=32628, stack(0x0000007476100000,0x0000007476200000)]
  0x000001f0976dbc60 JavaThread "Unconstrained build operations Thread 34" [_thread_blocked, id=31144, stack(0x0000007476200000,0x0000007476300000)]
  0x000001f0976dadf0 JavaThread "Unconstrained build operations Thread 35" [_thread_blocked, id=27424, stack(0x0000007476300000,0x0000007476400000)]
  0x000001f0976db2c0 JavaThread "Unconstrained build operations Thread 36" [_thread_blocked, id=25200, stack(0x0000007476400000,0x0000007476500000)]
  0x000001f0976dfaf0 JavaThread "Unconstrained build operations Thread 37" [_thread_blocked, id=6600, stack(0x0000007476500000,0x0000007476600000)]
  0x000001f0976dec80 JavaThread "Unconstrained build operations Thread 38" [_thread_blocked, id=24160, stack(0x0000007476600000,0x0000007476700000)]
  0x000001f0976df150 JavaThread "Unconstrained build operations Thread 39" [_thread_blocked, id=12440, stack(0x0000007476700000,0x0000007476800000)]
  0x000001f0976dffc0 JavaThread "Unconstrained build operations Thread 40" [_thread_blocked, id=17152, stack(0x0000007476800000,0x0000007476900000)]
  0x000001f0976d9ab0 JavaThread "Unconstrained build operations Thread 41" [_thread_blocked, id=33960, stack(0x0000007476900000,0x0000007476a00000)]
  0x000001f0976d9f80 JavaThread "Unconstrained build operations Thread 42" [_thread_blocked, id=34268, stack(0x0000007476a00000,0x0000007476b00000)]
  0x000001f0999292e0 JavaThread "Unconstrained build operations Thread 43" [_thread_blocked, id=6572, stack(0x0000007476b00000,0x0000007476c00000)]
  0x000001f0999262c0 JavaThread "Unconstrained build operations Thread 44" [_thread_blocked, id=32348, stack(0x0000007476c00000,0x0000007476d00000)]
  0x000001f099928940 JavaThread "Unconstrained build operations Thread 45" [_thread_blocked, id=21512, stack(0x0000007476d00000,0x0000007476e00000)]
  0x000001f0999232a0 JavaThread "Unconstrained build operations Thread 46" [_thread_blocked, id=34516, stack(0x0000007476e00000,0x0000007476f00000)]
  0x000001f099927ad0 JavaThread "Unconstrained build operations Thread 47" [_thread_blocked, id=34508, stack(0x0000007476f00000,0x0000007477000000)]
  0x000001f099923c40 JavaThread "Unconstrained build operations Thread 48" [_thread_blocked, id=33880, stack(0x0000007477000000,0x0000007477100000)]
  0x000001f0999297b0 JavaThread "Unconstrained build operations Thread 49" [_thread_blocked, id=22608, stack(0x0000007477100000,0x0000007477200000)]
  0x000001f099929c80 JavaThread "Unconstrained build operations Thread 50" [_thread_blocked, id=18992, stack(0x0000007477200000,0x0000007477300000)]
  0x000001f099926790 JavaThread "Unconstrained build operations Thread 51" [_thread_blocked, id=12332, stack(0x0000007477300000,0x0000007477400000)]
  0x000001f09992a150 JavaThread "Unconstrained build operations Thread 52" [_thread_blocked, id=12892, stack(0x0000007477400000,0x0000007477500000)]
  0x000001f099924110 JavaThread "Unconstrained build operations Thread 53" [_thread_blocked, id=22600, stack(0x0000007477500000,0x0000007477600000)]
  0x000001f0999245e0 JavaThread "Unconstrained build operations Thread 54" [_thread_blocked, id=29332, stack(0x0000007477600000,0x0000007477700000)]
  0x000001f099924ab0 JavaThread "Unconstrained build operations Thread 55" [_thread_blocked, id=33372, stack(0x0000007477700000,0x0000007477800000)]
  0x000001f099924f80 JavaThread "Unconstrained build operations Thread 56" [_thread_blocked, id=32820, stack(0x0000007477800000,0x0000007477900000)]

Other Threads:
  0x000001f0ffe7ed00 VMThread "VM Thread" [stack: 0x0000007471200000,0x0000007471300000] [id=17528]
  0x000001f093a2e9d0 WatcherThread [stack: 0x0000007471e00000,0x0000007471f00000] [id=26256]
  0x000001f0f906c530 GCTaskThread "GC Thread#0" [stack: 0x0000007470d00000,0x0000007470e00000] [id=13232]
  0x000001f094e1f620 GCTaskThread "GC Thread#1" [stack: 0x0000007472200000,0x0000007472300000] [id=34456]
  0x000001f094e1f8d0 GCTaskThread "GC Thread#2" [stack: 0x0000007472300000,0x0000007472400000] [id=34188]
  0x000001f0945433f0 GCTaskThread "GC Thread#3" [stack: 0x0000007472400000,0x0000007472500000] [id=34464]
  0x000001f0945436a0 GCTaskThread "GC Thread#4" [stack: 0x0000007472500000,0x0000007472600000] [id=32672]
  0x000001f094543d20 GCTaskThread "GC Thread#5" [stack: 0x0000007472600000,0x0000007472700000] [id=34452]
  0x000001f0965212d0 GCTaskThread "GC Thread#6" [stack: 0x0000007473300000,0x0000007473400000] [id=34272]
  0x000001f0965202b0 GCTaskThread "GC Thread#7" [stack: 0x0000007473400000,0x0000007473500000] [id=34196]
  0x000001f0f907d310 ConcurrentGCThread "G1 Main Marker" [stack: 0x0000007470e00000,0x0000007470f00000] [id=8204]
  0x000001f0f907dbc0 ConcurrentGCThread "G1 Conc#0" [stack: 0x0000007470f00000,0x0000007471000000] [id=26896]
  0x000001f096520560 ConcurrentGCThread "G1 Conc#1" [stack: 0x0000007473500000,0x0000007473600000] [id=6016]
  0x000001f0f90cdb30 ConcurrentGCThread "G1 Refine#0" [stack: 0x0000007471000000,0x0000007471100000] [id=17532]
  0x000001f0f90ce3f0 ConcurrentGCThread "G1 Service" [stack: 0x0000007471100000,0x0000007471200000] [id=17856]

Threads with active compile tasks:
C2 CompilerThread0   163153 18872       4       org.gradle.api.internal.artifacts.ivyservice.resolveengine.result.DesugaredAttributeContainerSerializer::read (155 bytes)
C1 CompilerThread0   163153 18971       3       org.gradle.internal.logging.sink.ProgressLogEventGenerator::doOutput (52 bytes)

VM state: not at safepoint (normal execution)

VM Mutex/Monitor currently owned by a thread: None

OutOfMemory and StackOverflow Exception counts:
OutOfMemoryError java_heap_errors=1
LinkageErrors=245

Heap address: 0x0000000080000000, size: 2048 MB, Compressed Oops mode: 32-bit

CDS archive(s) not mapped
Compressed class space mapped at: 0x0000000100000000-0x0000000140000000, reserved size: 1073741824
Narrow klass base: 0x0000000000000000, Narrow klass shift: 3, Narrow klass range: 0x140000000

GC Precious Log:
 CPUs: 8 total, 8 available
 Memory: 16167M
 Large Page Support: Disabled
 NUMA Support: Disabled
 Compressed Oops: Enabled (32-bit)
 Heap Region Size: 1M
 Heap Min Capacity: 8M
 Heap Initial Capacity: 254M
 Heap Max Capacity: 2G
 Pre-touch: Disabled
 Parallel Workers: 8
 Concurrent Workers: 2
 Concurrent Refinement Workers: 8
 Periodic GC: Disabled

Heap:
 garbage-first heap   total 304128K, used 157432K [0x0000000080000000, 0x0000000100000000)
  region size 1024K, 56 young (57344K), 9 survivors (9216K)
 Metaspace       used 120976K, committed 121856K, reserved 1155072K
  class space    used 17024K, committed 17472K, reserved 1048576K

Heap Regions: E=young(eden), S=young(survivor), O=old, HS=humongous(starts), HC=humongous(continues), CS=collection set, F=free, OA=open archive, CA=closed archive, TAMS=top-at-mark-start (previous, next)
|   0|0x0000000080000000, 0x0000000080100000, 0x0000000080100000|100%| O|  |TAMS 0x0000000080100000, 0x0000000080000000| Untracked 
|   1|0x0000000080100000, 0x0000000080200000, 0x0000000080200000|100%| O|  |TAMS 0x0000000080200000, 0x0000000080100000| Untracked 
|   2|0x0000000080200000, 0x0000000080300000, 0x0000000080300000|100%| O|  |TAMS 0x0000000080300000, 0x0000000080200000| Untracked 
|   3|0x0000000080300000, 0x0000000080400000, 0x0000000080400000|100%|HS|  |TAMS 0x0000000080400000, 0x0000000080300000| Complete 
|   4|0x0000000080400000, 0x0000000080500000, 0x0000000080500000|100%|HC|  |TAMS 0x0000000080500000, 0x0000000080400000| Complete 
|   5|0x0000000080500000, 0x0000000080600000, 0x0000000080600000|100%|HC|  |TAMS 0x0000000080600000, 0x0000000080500000| Complete 
|   6|0x0000000080600000, 0x0000000080700000, 0x0000000080700000|100%| O|  |TAMS 0x0000000080700000, 0x0000000080600000| Untracked 
|   7|0x0000000080700000, 0x0000000080800000, 0x0000000080800000|100%| O|  |TAMS 0x0000000080800000, 0x0000000080700000| Untracked 
|   8|0x0000000080800000, 0x0000000080900000, 0x0000000080900000|100%| O|  |TAMS 0x0000000080900000, 0x0000000080800000| Untracked 
|   9|0x0000000080900000, 0x0000000080a00000, 0x0000000080a00000|100%| O|  |TAMS 0x0000000080a00000, 0x0000000080900000| Untracked 
|  10|0x0000000080a00000, 0x0000000080b00000, 0x0000000080b00000|100%| O|  |TAMS 0x0000000080b00000, 0x0000000080a00000| Untracked 
|  11|0x0000000080b00000, 0x0000000080c00000, 0x0000000080c00000|100%| O|  |TAMS 0x0000000080c00000, 0x0000000080b00000| Untracked 
|  12|0x0000000080c00000, 0x0000000080d00000, 0x0000000080d00000|100%| O|  |TAMS 0x0000000080d00000, 0x0000000080c00000| Untracked 
|  13|0x0000000080d00000, 0x0000000080e00000, 0x0000000080e00000|100%| O|  |TAMS 0x0000000080e00000, 0x0000000080d00000| Untracked 
|  14|0x0000000080e00000, 0x0000000080f00000, 0x0000000080f00000|100%| O|  |TAMS 0x0000000080f00000, 0x0000000080e00000| Untracked 
|  15|0x0000000080f00000, 0x0000000081000000, 0x0000000081000000|100%| O|  |TAMS 0x0000000081000000, 0x0000000080f00000| Untracked 
|  16|0x0000000081000000, 0x0000000081100000, 0x0000000081100000|100%| O|  |TAMS 0x0000000081100000, 0x0000000081000000| Untracked 
|  17|0x0000000081100000, 0x0000000081200000, 0x0000000081200000|100%| O|  |TAMS 0x0000000081200000, 0x0000000081100000| Untracked 
|  18|0x0000000081200000, 0x0000000081300000, 0x0000000081300000|100%| O|  |TAMS 0x0000000081300000, 0x0000000081200000| Untracked 
|  19|0x0000000081300000, 0x0000000081400000, 0x0000000081400000|100%| O|  |TAMS 0x0000000081400000, 0x0000000081300000| Untracked 
|  20|0x0000000081400000, 0x0000000081500000, 0x0000000081500000|100%| O|  |TAMS 0x0000000081500000, 0x0000000081400000| Untracked 
|  21|0x0000000081500000, 0x0000000081600000, 0x0000000081600000|100%| O|  |TAMS 0x0000000081600000, 0x0000000081500000| Untracked 
|  22|0x0000000081600000, 0x0000000081700000, 0x0000000081700000|100%| O|  |TAMS 0x0000000081700000, 0x0000000081600000| Untracked 
|  23|0x0000000081700000, 0x0000000081800000, 0x0000000081800000|100%| O|  |TAMS 0x0000000081800000, 0x0000000081700000| Untracked 
|  24|0x0000000081800000, 0x0000000081900000, 0x0000000081900000|100%| O|  |TAMS 0x0000000081900000, 0x0000000081800000| Untracked 
|  25|0x0000000081900000, 0x0000000081a00000, 0x0000000081a00000|100%| O|  |TAMS 0x0000000081a00000, 0x0000000081900000| Untracked 
|  26|0x0000000081a00000, 0x0000000081b00000, 0x0000000081b00000|100%| O|  |TAMS 0x0000000081b00000, 0x0000000081a00000| Untracked 
|  27|0x0000000081b00000, 0x0000000081c00000, 0x0000000081c00000|100%| O|  |TAMS 0x0000000081c00000, 0x0000000081b00000| Untracked 
|  28|0x0000000081c00000, 0x0000000081d00000, 0x0000000081d00000|100%| O|  |TAMS 0x0000000081d00000, 0x0000000081c00000| Untracked 
|  29|0x0000000081d00000, 0x0000000081e00000, 0x0000000081e00000|100%| O|  |TAMS 0x0000000081e00000, 0x0000000081d00000| Untracked 
|  30|0x0000000081e00000, 0x0000000081f00000, 0x0000000081f00000|100%| O|  |TAMS 0x0000000081f00000, 0x0000000081e00000| Untracked 
|  31|0x0000000081f00000, 0x0000000082000000, 0x0000000082000000|100%| O|  |TAMS 0x0000000082000000, 0x0000000081f00000| Untracked 
|  32|0x0000000082000000, 0x0000000082100000, 0x0000000082100000|100%|HS|  |TAMS 0x0000000082100000, 0x0000000082000000| Complete 
|  33|0x0000000082100000, 0x0000000082100000, 0x0000000082200000|  0%| F|  |TAMS 0x0000000082100000, 0x0000000082100000| Untracked 
|  34|0x0000000082200000, 0x0000000082300000, 0x0000000082300000|100%|HS|  |TAMS 0x0000000082300000, 0x0000000082200000| Complete 
|  35|0x0000000082300000, 0x0000000082400000, 0x0000000082400000|100%| O|  |TAMS 0x0000000082400000, 0x0000000082300000| Untracked 
|  36|0x0000000082400000, 0x0000000082500000, 0x0000000082500000|100%| O|  |TAMS 0x0000000082500000, 0x0000000082400000| Untracked 
|  37|0x0000000082500000, 0x0000000082600000, 0x0000000082600000|100%| O|  |TAMS 0x0000000082600000, 0x0000000082500000| Untracked 
|  38|0x0000000082600000, 0x0000000082700000, 0x0000000082700000|100%| O|  |TAMS 0x0000000082700000, 0x0000000082600000| Untracked 
|  39|0x0000000082700000, 0x0000000082800000, 0x0000000082800000|100%| O|  |TAMS 0x0000000082800000, 0x0000000082700000| Untracked 
|  40|0x0000000082800000, 0x0000000082900000, 0x0000000082900000|100%| O|  |TAMS 0x0000000082900000, 0x0000000082800000| Untracked 
|  41|0x0000000082900000, 0x0000000082a00000, 0x0000000082a00000|100%| O|  |TAMS 0x0000000082a00000, 0x0000000082900000| Untracked 
|  42|0x0000000082a00000, 0x0000000082b00000, 0x0000000082b00000|100%| O|  |TAMS 0x0000000082b00000, 0x0000000082a00000| Untracked 
|  43|0x0000000082b00000, 0x0000000082c00000, 0x0000000082c00000|100%| O|  |TAMS 0x0000000082c00000, 0x0000000082b00000| Untracked 
|  44|0x0000000082c00000, 0x0000000082d00000, 0x0000000082d00000|100%| O|  |TAMS 0x0000000082d00000, 0x0000000082c00000| Untracked 
|  45|0x0000000082d00000, 0x0000000082e00000, 0x0000000082e00000|100%| O|  |TAMS 0x0000000082e00000, 0x0000000082d00000| Untracked 
|  46|0x0000000082e00000, 0x0000000082f00000, 0x0000000082f00000|100%| O|  |TAMS 0x0000000082f00000, 0x0000000082e00000| Untracked 
|  47|0x0000000082f00000, 0x0000000083000000, 0x0000000083000000|100%| O|  |TAMS 0x0000000083000000, 0x0000000082f00000| Untracked 
|  48|0x0000000083000000, 0x0000000083100000, 0x0000000083100000|100%| O|  |TAMS 0x0000000083100000, 0x0000000083000000| Untracked 
|  49|0x0000000083100000, 0x0000000083200000, 0x0000000083200000|100%| O|  |TAMS 0x0000000083200000, 0x0000000083100000| Untracked 
|  50|0x0000000083200000, 0x0000000083300000, 0x0000000083300000|100%| O|  |TAMS 0x0000000083300000, 0x0000000083200000| Untracked 
|  51|0x0000000083300000, 0x0000000083400000, 0x0000000083400000|100%| O|  |TAMS 0x0000000083400000, 0x0000000083300000| Untracked 
|  52|0x0000000083400000, 0x0000000083500000, 0x0000000083500000|100%| O|  |TAMS 0x0000000083500000, 0x0000000083400000| Untracked 
|  53|0x0000000083500000, 0x0000000083600000, 0x0000000083600000|100%| O|  |TAMS 0x0000000083600000, 0x0000000083500000| Untracked 
|  54|0x0000000083600000, 0x0000000083700000, 0x0000000083700000|100%| O|  |TAMS 0x0000000083700000, 0x0000000083600000| Untracked 
|  55|0x0000000083700000, 0x0000000083800000, 0x0000000083800000|100%| O|  |TAMS 0x0000000083800000, 0x0000000083700000| Untracked 
|  56|0x0000000083800000, 0x0000000083900000, 0x0000000083900000|100%| O|  |TAMS 0x0000000083900000, 0x0000000083800000| Untracked 
|  57|0x0000000083900000, 0x0000000083a00000, 0x0000000083a00000|100%| O|  |TAMS 0x0000000083a00000, 0x0000000083900000| Untracked 
|  58|0x0000000083a00000, 0x0000000083b00000, 0x0000000083b00000|100%| O|  |TAMS 0x0000000083b00000, 0x0000000083a00000| Untracked 
|  59|0x0000000083b00000, 0x0000000083c00000, 0x0000000083c00000|100%| O|  |TAMS 0x0000000083c00000, 0x0000000083b00000| Untracked 
|  60|0x0000000083c00000, 0x0000000083d00000, 0x0000000083d00000|100%| O|  |TAMS 0x0000000083d00000, 0x0000000083c00000| Untracked 
|  61|0x0000000083d00000, 0x0000000083e00000, 0x0000000083e00000|100%| O|  |TAMS 0x0000000083e00000, 0x0000000083d00000| Untracked 
|  62|0x0000000083e00000, 0x0000000083f00000, 0x0000000083f00000|100%| O|  |TAMS 0x0000000083f00000, 0x0000000083e00000| Untracked 
|  63|0x0000000083f00000, 0x0000000084000000, 0x0000000084000000|100%| O|  |TAMS 0x0000000084000000, 0x0000000083f00000| Untracked 
|  64|0x0000000084000000, 0x0000000084100000, 0x0000000084100000|100%| O|  |TAMS 0x0000000084100000, 0x0000000084000000| Untracked 
|  65|0x0000000084100000, 0x0000000084200000, 0x0000000084200000|100%| O|  |TAMS 0x0000000084200000, 0x0000000084100000| Untracked 
|  66|0x0000000084200000, 0x0000000084300000, 0x0000000084300000|100%| O|  |TAMS 0x0000000084300000, 0x0000000084200000| Untracked 
|  67|0x0000000084300000, 0x0000000084400000, 0x0000000084400000|100%| O|  |TAMS 0x0000000084400000, 0x0000000084300000| Untracked 
|  68|0x0000000084400000, 0x0000000084500000, 0x0000000084500000|100%| O|  |TAMS 0x0000000084500000, 0x0000000084400000| Untracked 
|  69|0x0000000084500000, 0x0000000084600000, 0x0000000084600000|100%| O|  |TAMS 0x0000000084600000, 0x0000000084500000| Untracked 
|  70|0x0000000084600000, 0x0000000084700000, 0x0000000084700000|100%| O|  |TAMS 0x0000000084700000, 0x0000000084600000| Untracked 
|  71|0x0000000084700000, 0x0000000084800000, 0x0000000084800000|100%| O|  |TAMS 0x0000000084800000, 0x0000000084700000| Untracked 
|  72|0x0000000084800000, 0x0000000084900000, 0x0000000084900000|100%| O|  |TAMS 0x0000000084900000, 0x0000000084800000| Untracked 
|  73|0x0000000084900000, 0x0000000084a00000, 0x0000000084a00000|100%| O|  |TAMS 0x0000000084a00000, 0x0000000084900000| Untracked 
|  74|0x0000000084a00000, 0x0000000084b00000, 0x0000000084b00000|100%| O|  |TAMS 0x0000000084b00000, 0x0000000084a00000| Untracked 
|  75|0x0000000084b00000, 0x0000000084c00000, 0x0000000084c00000|100%| O|  |TAMS 0x0000000084c00000, 0x0000000084b00000| Untracked 
|  76|0x0000000084c00000, 0x0000000084d00000, 0x0000000084d00000|100%| O|  |TAMS 0x0000000084d00000, 0x0000000084c00000| Untracked 
|  77|0x0000000084d00000, 0x0000000084e00000, 0x0000000084e00000|100%| O|  |TAMS 0x0000000084e00000, 0x0000000084d00000| Untracked 
|  78|0x0000000084e00000, 0x0000000084f00000, 0x0000000084f00000|100%| O|  |TAMS 0x0000000084f00000, 0x0000000084e00000| Untracked 
|  79|0x0000000084f00000, 0x0000000085000000, 0x0000000085000000|100%|HS|  |TAMS 0x0000000085000000, 0x0000000084f00000| Complete 
|  80|0x0000000085000000, 0x0000000085100000, 0x0000000085100000|100%|HC|  |TAMS 0x0000000085100000, 0x0000000085000000| Complete 
|  81|0x0000000085100000, 0x0000000085200000, 0x0000000085200000|100%| O|  |TAMS 0x0000000085200000, 0x0000000085100000| Untracked 
|  82|0x0000000085200000, 0x0000000085300000, 0x0000000085300000|100%| O|  |TAMS 0x0000000085300000, 0x0000000085200000| Untracked 
|  83|0x0000000085300000, 0x0000000085400000, 0x0000000085400000|100%| O|  |TAMS 0x0000000085400000, 0x0000000085300000| Untracked 
|  84|0x0000000085400000, 0x0000000085500000, 0x0000000085500000|100%| O|  |TAMS 0x0000000085500000, 0x0000000085400000| Untracked 
|  85|0x0000000085500000, 0x0000000085600000, 0x0000000085600000|100%| O|  |TAMS 0x0000000085600000, 0x0000000085500000| Untracked 
|  86|0x0000000085600000, 0x0000000085600000, 0x0000000085700000|  0%| F|  |TAMS 0x0000000085600000, 0x0000000085600000| Untracked 
|  87|0x0000000085700000, 0x0000000085700000, 0x0000000085800000|  0%| F|  |TAMS 0x0000000085700000, 0x0000000085700000| Untracked 
|  88|0x0000000085800000, 0x0000000085900000, 0x0000000085900000|100%| O|  |TAMS 0x0000000085900000, 0x0000000085800000| Untracked 
|  89|0x0000000085900000, 0x0000000085a00000, 0x0000000085a00000|100%| O|  |TAMS 0x0000000085a00000, 0x0000000085900000| Untracked 
|  90|0x0000000085a00000, 0x0000000085b00000, 0x0000000085b00000|100%| O|  |TAMS 0x0000000085b00000, 0x0000000085a00000| Untracked 
|  91|0x0000000085b00000, 0x0000000085c00000, 0x0000000085c00000|100%| O|  |TAMS 0x0000000085c00000, 0x0000000085b00000| Untracked 
|  92|0x0000000085c00000, 0x0000000085d00000, 0x0000000085d00000|100%| O|  |TAMS 0x0000000085d00000, 0x0000000085c00000| Untracked 
|  93|0x0000000085d00000, 0x0000000085e00000, 0x0000000085e00000|100%| O|  |TAMS 0x0000000085e00000, 0x0000000085d00000| Untracked 
|  94|0x0000000085e00000, 0x0000000085f00000, 0x0000000085f00000|100%| O|  |TAMS 0x0000000085f00000, 0x0000000085e00000| Untracked 
|  95|0x0000000085f00000, 0x0000000086000000, 0x0000000086000000|100%| O|  |TAMS 0x0000000085f75200, 0x0000000085f00000| Untracked 
|  96|0x0000000086000000, 0x0000000086100000, 0x0000000086100000|100%| O|  |TAMS 0x0000000086000000, 0x0000000086000000| Untracked 
|  97|0x0000000086100000, 0x0000000086200000, 0x0000000086200000|100%| O|  |TAMS 0x0000000086100000, 0x0000000086100000| Untracked 
|  98|0x0000000086200000, 0x0000000086300000, 0x0000000086300000|100%| O|  |TAMS 0x0000000086200000, 0x0000000086200000| Untracked 
|  99|0x0000000086300000, 0x0000000086400000, 0x0000000086400000|100%| O|  |TAMS 0x0000000086300000, 0x0000000086300000| Untracked 
| 100|0x0000000086400000, 0x0000000086500000, 0x0000000086500000|100%| O|  |TAMS 0x0000000086400000, 0x0000000086400000| Untracked 
| 101|0x0000000086500000, 0x0000000086600000, 0x0000000086600000|100%| O|  |TAMS 0x0000000086500000, 0x0000000086500000| Untracked 
| 102|0x0000000086600000, 0x0000000086700000, 0x0000000086700000|100%| O|  |TAMS 0x0000000086600000, 0x0000000086600000| Untracked 
| 103|0x0000000086700000, 0x0000000086736e00, 0x0000000086800000| 21%| O|  |TAMS 0x0000000086700000, 0x0000000086700000| Untracked 
| 104|0x0000000086800000, 0x0000000086800000, 0x0000000086900000|  0%| F|  |TAMS 0x0000000086800000, 0x0000000086800000| Untracked 
| 105|0x0000000086900000, 0x0000000086900000, 0x0000000086a00000|  0%| F|  |TAMS 0x0000000086900000, 0x0000000086900000| Untracked 
| 106|0x0000000086a00000, 0x0000000086a00000, 0x0000000086b00000|  0%| F|  |TAMS 0x0000000086a00000, 0x0000000086a00000| Untracked 
| 107|0x0000000086b00000, 0x0000000086b00000, 0x0000000086c00000|  0%| F|  |TAMS 0x0000000086b00000, 0x0000000086b00000| Untracked 
| 108|0x0000000086c00000, 0x0000000086c00000, 0x0000000086d00000|  0%| F|  |TAMS 0x0000000086c00000, 0x0000000086c00000| Untracked 
| 109|0x0000000086d00000, 0x0000000086d00000, 0x0000000086e00000|  0%| F|  |TAMS 0x0000000086d00000, 0x0000000086d00000| Untracked 
| 110|0x0000000086e00000, 0x0000000086e00000, 0x0000000086f00000|  0%| F|  |TAMS 0x0000000086e00000, 0x0000000086e00000| Untracked 
| 111|0x0000000086f00000, 0x0000000086f00000, 0x0000000087000000|  0%| F|  |TAMS 0x0000000086f00000, 0x0000000086f00000| Untracked 
| 112|0x0000000087000000, 0x0000000087000000, 0x0000000087100000|  0%| F|  |TAMS 0x0000000087000000, 0x0000000087000000| Untracked 
| 113|0x0000000087100000, 0x0000000087100000, 0x0000000087200000|  0%| F|  |TAMS 0x0000000087100000, 0x0000000087100000| Untracked 
| 114|0x0000000087200000, 0x0000000087200000, 0x0000000087300000|  0%| F|  |TAMS 0x0000000087200000, 0x0000000087200000| Untracked 
| 115|0x0000000087300000, 0x0000000087300000, 0x0000000087400000|  0%| F|  |TAMS 0x0000000087300000, 0x0000000087300000| Untracked 
| 116|0x0000000087400000, 0x0000000087400000, 0x0000000087500000|  0%| F|  |TAMS 0x0000000087400000, 0x0000000087400000| Untracked 
| 117|0x0000000087500000, 0x0000000087500000, 0x0000000087600000|  0%| F|  |TAMS 0x0000000087500000, 0x0000000087500000| Untracked 
| 118|0x0000000087600000, 0x0000000087600000, 0x0000000087700000|  0%| F|  |TAMS 0x0000000087600000, 0x0000000087600000| Untracked 
| 119|0x0000000087700000, 0x0000000087700000, 0x0000000087800000|  0%| F|  |TAMS 0x0000000087700000, 0x0000000087700000| Untracked 
| 120|0x0000000087800000, 0x0000000087800000, 0x0000000087900000|  0%| F|  |TAMS 0x0000000087800000, 0x0000000087800000| Untracked 
| 121|0x0000000087900000, 0x0000000087900000, 0x0000000087a00000|  0%| F|  |TAMS 0x0000000087900000, 0x0000000087900000| Untracked 
| 122|0x0000000087a00000, 0x0000000087a00000, 0x0000000087b00000|  0%| F|  |TAMS 0x0000000087a00000, 0x0000000087a00000| Untracked 
| 123|0x0000000087b00000, 0x0000000087b00000, 0x0000000087c00000|  0%| F|  |TAMS 0x0000000087b00000, 0x0000000087b00000| Untracked 
| 124|0x0000000087c00000, 0x0000000087c00000, 0x0000000087d00000|  0%| F|  |TAMS 0x0000000087c00000, 0x0000000087c00000| Untracked 
| 125|0x0000000087d00000, 0x0000000087d00000, 0x0000000087e00000|  0%| F|  |TAMS 0x0000000087d00000, 0x0000000087d00000| Untracked 
| 126|0x0000000087e00000, 0x0000000087e00000, 0x0000000087f00000|  0%| F|  |TAMS 0x0000000087e00000, 0x0000000087e00000| Untracked 
| 127|0x0000000087f00000, 0x0000000087f00000, 0x0000000088000000|  0%| F|  |TAMS 0x0000000087f00000, 0x0000000087f00000| Untracked 
| 128|0x0000000088000000, 0x0000000088000000, 0x0000000088100000|  0%| F|  |TAMS 0x0000000088000000, 0x0000000088000000| Untracked 
| 129|0x0000000088100000, 0x0000000088100000, 0x0000000088200000|  0%| F|  |TAMS 0x0000000088100000, 0x0000000088100000| Untracked 
| 130|0x0000000088200000, 0x0000000088200000, 0x0000000088300000|  0%| F|  |TAMS 0x0000000088200000, 0x0000000088200000| Untracked 
| 131|0x0000000088300000, 0x0000000088300000, 0x0000000088400000|  0%| F|  |TAMS 0x0000000088300000, 0x0000000088300000| Untracked 
| 132|0x0000000088400000, 0x0000000088400000, 0x0000000088500000|  0%| F|  |TAMS 0x0000000088400000, 0x0000000088400000| Untracked 
| 133|0x0000000088500000, 0x0000000088500000, 0x0000000088600000|  0%| F|  |TAMS 0x0000000088500000, 0x0000000088500000| Untracked 
| 134|0x0000000088600000, 0x0000000088600000, 0x0000000088700000|  0%| F|  |TAMS 0x0000000088600000, 0x0000000088600000| Untracked 
| 135|0x0000000088700000, 0x0000000088700000, 0x0000000088800000|  0%| F|  |TAMS 0x0000000088700000, 0x0000000088700000| Untracked 
| 136|0x0000000088800000, 0x0000000088800000, 0x0000000088900000|  0%| F|  |TAMS 0x0000000088800000, 0x0000000088800000| Untracked 
| 137|0x0000000088900000, 0x0000000088900000, 0x0000000088a00000|  0%| F|  |TAMS 0x0000000088900000, 0x0000000088900000| Untracked 
| 138|0x0000000088a00000, 0x0000000088a00000, 0x0000000088b00000|  0%| F|  |TAMS 0x0000000088a00000, 0x0000000088a00000| Untracked 
| 139|0x0000000088b00000, 0x0000000088b00000, 0x0000000088c00000|  0%| F|  |TAMS 0x0000000088b00000, 0x0000000088b00000| Untracked 
| 140|0x0000000088c00000, 0x0000000088c00000, 0x0000000088d00000|  0%| F|  |TAMS 0x0000000088c00000, 0x0000000088c00000| Untracked 
| 141|0x0000000088d00000, 0x0000000088d00000, 0x0000000088e00000|  0%| F|  |TAMS 0x0000000088d00000, 0x0000000088d00000| Untracked 
| 142|0x0000000088e00000, 0x0000000088e00000, 0x0000000088f00000|  0%| F|  |TAMS 0x0000000088e00000, 0x0000000088e00000| Untracked 
| 143|0x0000000088f00000, 0x0000000088f00000, 0x0000000089000000|  0%| F|  |TAMS 0x0000000088f00000, 0x0000000088f00000| Untracked 
| 144|0x0000000089000000, 0x0000000089000000, 0x0000000089100000|  0%| F|  |TAMS 0x0000000089000000, 0x0000000089000000| Untracked 
| 145|0x0000000089100000, 0x0000000089100000, 0x0000000089200000|  0%| F|  |TAMS 0x0000000089100000, 0x0000000089100000| Untracked 
| 146|0x0000000089200000, 0x0000000089200000, 0x0000000089300000|  0%| F|  |TAMS 0x0000000089200000, 0x0000000089200000| Untracked 
| 147|0x0000000089300000, 0x0000000089300000, 0x0000000089400000|  0%| F|  |TAMS 0x0000000089300000, 0x0000000089300000| Untracked 
| 148|0x0000000089400000, 0x0000000089400000, 0x0000000089500000|  0%| F|  |TAMS 0x0000000089400000, 0x0000000089400000| Untracked 
| 149|0x0000000089500000, 0x0000000089500000, 0x0000000089600000|  0%| F|  |TAMS 0x0000000089500000, 0x0000000089500000| Untracked 
| 150|0x0000000089600000, 0x0000000089600000, 0x0000000089700000|  0%| F|  |TAMS 0x0000000089600000, 0x0000000089600000| Untracked 
| 151|0x0000000089700000, 0x00000000897872d0, 0x0000000089800000| 52%| S|CS|TAMS 0x0000000089700000, 0x0000000089700000| Complete 
| 152|0x0000000089800000, 0x0000000089900000, 0x0000000089900000|100%| S|CS|TAMS 0x0000000089800000, 0x0000000089800000| Complete 
| 153|0x0000000089900000, 0x0000000089a00000, 0x0000000089a00000|100%| S|CS|TAMS 0x0000000089900000, 0x0000000089900000| Complete 
| 154|0x0000000089a00000, 0x0000000089b00000, 0x0000000089b00000|100%| S|CS|TAMS 0x0000000089a00000, 0x0000000089a00000| Complete 
| 155|0x0000000089b00000, 0x0000000089c00000, 0x0000000089c00000|100%| S|CS|TAMS 0x0000000089b00000, 0x0000000089b00000| Complete 
| 156|0x0000000089c00000, 0x0000000089d00000, 0x0000000089d00000|100%| S|CS|TAMS 0x0000000089c00000, 0x0000000089c00000| Complete 
| 157|0x0000000089d00000, 0x0000000089e00000, 0x0000000089e00000|100%| S|CS|TAMS 0x0000000089d00000, 0x0000000089d00000| Complete 
| 158|0x0000000089e00000, 0x0000000089f00000, 0x0000000089f00000|100%| S|CS|TAMS 0x0000000089e00000, 0x0000000089e00000| Complete 
| 159|0x0000000089f00000, 0x000000008a000000, 0x000000008a000000|100%| S|CS|TAMS 0x0000000089f00000, 0x0000000089f00000| Complete 
| 160|0x000000008a000000, 0x000000008a000000, 0x000000008a100000|  0%| F|  |TAMS 0x000000008a000000, 0x000000008a000000| Untracked 
| 161|0x000000008a100000, 0x000000008a100000, 0x000000008a200000|  0%| F|  |TAMS 0x000000008a100000, 0x000000008a100000| Untracked 
| 162|0x000000008a200000, 0x000000008a200000, 0x000000008a300000|  0%| F|  |TAMS 0x000000008a200000, 0x000000008a200000| Untracked 
| 163|0x000000008a300000, 0x000000008a300000, 0x000000008a400000|  0%| F|  |TAMS 0x000000008a300000, 0x000000008a300000| Untracked 
| 164|0x000000008a400000, 0x000000008a400000, 0x000000008a500000|  0%| F|  |TAMS 0x000000008a400000, 0x000000008a400000| Untracked 
| 165|0x000000008a500000, 0x000000008a500000, 0x000000008a600000|  0%| F|  |TAMS 0x000000008a500000, 0x000000008a500000| Untracked 
| 166|0x000000008a600000, 0x000000008a600000, 0x000000008a700000|  0%| F|  |TAMS 0x000000008a600000, 0x000000008a600000| Untracked 
| 167|0x000000008a700000, 0x000000008a700000, 0x000000008a800000|  0%| F|  |TAMS 0x000000008a700000, 0x000000008a700000| Untracked 
| 168|0x000000008a800000, 0x000000008a800000, 0x000000008a900000|  0%| F|  |TAMS 0x000000008a800000, 0x000000008a800000| Untracked 
| 169|0x000000008a900000, 0x000000008a900000, 0x000000008aa00000|  0%| F|  |TAMS 0x000000008a900000, 0x000000008a900000| Untracked 
| 170|0x000000008aa00000, 0x000000008aa00000, 0x000000008ab00000|  0%| F|  |TAMS 0x000000008aa00000, 0x000000008aa00000| Untracked 
| 171|0x000000008ab00000, 0x000000008ab00000, 0x000000008ac00000|  0%| F|  |TAMS 0x000000008ab00000, 0x000000008ab00000| Untracked 
| 172|0x000000008ac00000, 0x000000008ac00000, 0x000000008ad00000|  0%| F|  |TAMS 0x000000008ac00000, 0x000000008ac00000| Untracked 
| 173|0x000000008ad00000, 0x000000008ad00000, 0x000000008ae00000|  0%| F|  |TAMS 0x000000008ad00000, 0x000000008ad00000| Untracked 
| 174|0x000000008ae00000, 0x000000008ae00000, 0x000000008af00000|  0%| F|  |TAMS 0x000000008ae00000, 0x000000008ae00000| Untracked 
| 175|0x000000008af00000, 0x000000008af00000, 0x000000008b000000|  0%| F|  |TAMS 0x000000008af00000, 0x000000008af00000| Untracked 
| 176|0x000000008b000000, 0x000000008b000000, 0x000000008b100000|  0%| F|  |TAMS 0x000000008b000000, 0x000000008b000000| Untracked 
| 177|0x000000008b100000, 0x000000008b100000, 0x000000008b200000|  0%| F|  |TAMS 0x000000008b100000, 0x000000008b100000| Untracked 
| 178|0x000000008b200000, 0x000000008b200000, 0x000000008b300000|  0%| F|  |TAMS 0x000000008b200000, 0x000000008b200000| Untracked 
| 179|0x000000008b300000, 0x000000008b300000, 0x000000008b400000|  0%| F|  |TAMS 0x000000008b300000, 0x000000008b300000| Untracked 
| 180|0x000000008b400000, 0x000000008b400000, 0x000000008b500000|  0%| F|  |TAMS 0x000000008b400000, 0x000000008b400000| Untracked 
| 181|0x000000008b500000, 0x000000008b500000, 0x000000008b600000|  0%| F|  |TAMS 0x000000008b500000, 0x000000008b500000| Untracked 
| 182|0x000000008b600000, 0x000000008b600000, 0x000000008b700000|  0%| F|  |TAMS 0x000000008b600000, 0x000000008b600000| Untracked 
| 183|0x000000008b700000, 0x000000008b700000, 0x000000008b800000|  0%| F|  |TAMS 0x000000008b700000, 0x000000008b700000| Untracked 
| 184|0x000000008b800000, 0x000000008b800000, 0x000000008b900000|  0%| F|  |TAMS 0x000000008b800000, 0x000000008b800000| Untracked 
| 185|0x000000008b900000, 0x000000008b900000, 0x000000008ba00000|  0%| F|  |TAMS 0x000000008b900000, 0x000000008b900000| Untracked 
| 186|0x000000008ba00000, 0x000000008ba00000, 0x000000008bb00000|  0%| F|  |TAMS 0x000000008ba00000, 0x000000008ba00000| Untracked 
| 187|0x000000008bb00000, 0x000000008bb00000, 0x000000008bc00000|  0%| F|  |TAMS 0x000000008bb00000, 0x000000008bb00000| Untracked 
| 188|0x000000008bc00000, 0x000000008bc00000, 0x000000008bd00000|  0%| F|  |TAMS 0x000000008bc00000, 0x000000008bc00000| Untracked 
| 189|0x000000008bd00000, 0x000000008bd00000, 0x000000008be00000|  0%| F|  |TAMS 0x000000008bd00000, 0x000000008bd00000| Untracked 
| 190|0x000000008be00000, 0x000000008be00000, 0x000000008bf00000|  0%| F|  |TAMS 0x000000008be00000, 0x000000008be00000| Untracked 
| 191|0x000000008bf00000, 0x000000008bf00000, 0x000000008c000000|  0%| F|  |TAMS 0x000000008bf00000, 0x000000008bf00000| Untracked 
| 192|0x000000008c000000, 0x000000008c000000, 0x000000008c100000|  0%| F|  |TAMS 0x000000008c000000, 0x000000008c000000| Untracked 
| 193|0x000000008c100000, 0x000000008c100000, 0x000000008c200000|  0%| F|  |TAMS 0x000000008c100000, 0x000000008c100000| Untracked 
| 194|0x000000008c200000, 0x000000008c200000, 0x000000008c300000|  0%| F|  |TAMS 0x000000008c200000, 0x000000008c200000| Untracked 
| 195|0x000000008c300000, 0x000000008c300000, 0x000000008c400000|  0%| F|  |TAMS 0x000000008c300000, 0x000000008c300000| Untracked 
| 196|0x000000008c400000, 0x000000008c400000, 0x000000008c500000|  0%| F|  |TAMS 0x000000008c400000, 0x000000008c400000| Untracked 
| 197|0x000000008c500000, 0x000000008c500000, 0x000000008c600000|  0%| F|  |TAMS 0x000000008c500000, 0x000000008c500000| Untracked 
| 198|0x000000008c600000, 0x000000008c600000, 0x000000008c700000|  0%| F|  |TAMS 0x000000008c600000, 0x000000008c600000| Untracked 
| 199|0x000000008c700000, 0x000000008c700000, 0x000000008c800000|  0%| F|  |TAMS 0x000000008c700000, 0x000000008c700000| Untracked 
| 200|0x000000008c800000, 0x000000008c800000, 0x000000008c900000|  0%| F|  |TAMS 0x000000008c800000, 0x000000008c800000| Untracked 
| 201|0x000000008c900000, 0x000000008c900000, 0x000000008ca00000|  0%| F|  |TAMS 0x000000008c900000, 0x000000008c900000| Untracked 
| 202|0x000000008ca00000, 0x000000008ca00000, 0x000000008cb00000|  0%| F|  |TAMS 0x000000008ca00000, 0x000000008ca00000| Untracked 
| 203|0x000000008cb00000, 0x000000008cb00000, 0x000000008cc00000|  0%| F|  |TAMS 0x000000008cb00000, 0x000000008cb00000| Untracked 
| 204|0x000000008cc00000, 0x000000008cc00000, 0x000000008cd00000|  0%| F|  |TAMS 0x000000008cc00000, 0x000000008cc00000| Untracked 
| 205|0x000000008cd00000, 0x000000008cd00000, 0x000000008ce00000|  0%| F|  |TAMS 0x000000008cd00000, 0x000000008cd00000| Untracked 
| 206|0x000000008ce00000, 0x000000008ce00000, 0x000000008cf00000|  0%| F|  |TAMS 0x000000008ce00000, 0x000000008ce00000| Untracked 
| 207|0x000000008cf00000, 0x000000008cf00000, 0x000000008d000000|  0%| F|  |TAMS 0x000000008cf00000, 0x000000008cf00000| Untracked 
| 208|0x000000008d000000, 0x000000008d000000, 0x000000008d100000|  0%| F|  |TAMS 0x000000008d000000, 0x000000008d000000| Untracked 
| 209|0x000000008d100000, 0x000000008d100000, 0x000000008d200000|  0%| F|  |TAMS 0x000000008d100000, 0x000000008d100000| Untracked 
| 210|0x000000008d200000, 0x000000008d200000, 0x000000008d300000|  0%| F|  |TAMS 0x000000008d200000, 0x000000008d200000| Untracked 
| 211|0x000000008d300000, 0x000000008d300000, 0x000000008d400000|  0%| F|  |TAMS 0x000000008d300000, 0x000000008d300000| Untracked 
| 212|0x000000008d400000, 0x000000008d400000, 0x000000008d500000|  0%| F|  |TAMS 0x000000008d400000, 0x000000008d400000| Untracked 
| 213|0x000000008d500000, 0x000000008d500000, 0x000000008d600000|  0%| F|  |TAMS 0x000000008d500000, 0x000000008d500000| Untracked 
| 214|0x000000008d600000, 0x000000008d600000, 0x000000008d700000|  0%| F|  |TAMS 0x000000008d600000, 0x000000008d600000| Untracked 
| 215|0x000000008d700000, 0x000000008d700000, 0x000000008d800000|  0%| F|  |TAMS 0x000000008d700000, 0x000000008d700000| Untracked 
| 216|0x000000008d800000, 0x000000008d800000, 0x000000008d900000|  0%| F|  |TAMS 0x000000008d800000, 0x000000008d800000| Untracked 
| 217|0x000000008d900000, 0x000000008d900000, 0x000000008da00000|  0%| F|  |TAMS 0x000000008d900000, 0x000000008d900000| Untracked 
| 218|0x000000008da00000, 0x000000008da00000, 0x000000008db00000|  0%| F|  |TAMS 0x000000008da00000, 0x000000008da00000| Untracked 
| 219|0x000000008db00000, 0x000000008db00000, 0x000000008dc00000|  0%| F|  |TAMS 0x000000008db00000, 0x000000008db00000| Untracked 
| 220|0x000000008dc00000, 0x000000008dc00000, 0x000000008dd00000|  0%| F|  |TAMS 0x000000008dc00000, 0x000000008dc00000| Untracked 
| 221|0x000000008dd00000, 0x000000008dd00000, 0x000000008de00000|  0%| F|  |TAMS 0x000000008dd00000, 0x000000008dd00000| Untracked 
| 222|0x000000008de00000, 0x000000008de00000, 0x000000008df00000|  0%| F|  |TAMS 0x000000008de00000, 0x000000008de00000| Untracked 
| 223|0x000000008df00000, 0x000000008df00000, 0x000000008e000000|  0%| F|  |TAMS 0x000000008df00000, 0x000000008df00000| Untracked 
| 224|0x000000008e000000, 0x000000008e000000, 0x000000008e100000|  0%| F|  |TAMS 0x000000008e000000, 0x000000008e000000| Untracked 
| 225|0x000000008e100000, 0x000000008e100000, 0x000000008e200000|  0%| F|  |TAMS 0x000000008e100000, 0x000000008e100000| Untracked 
| 226|0x000000008e200000, 0x000000008e200000, 0x000000008e300000|  0%| F|  |TAMS 0x000000008e200000, 0x000000008e200000| Untracked 
| 227|0x000000008e300000, 0x000000008e300000, 0x000000008e400000|  0%| F|  |TAMS 0x000000008e300000, 0x000000008e300000| Untracked 
| 228|0x000000008e400000, 0x000000008e400000, 0x000000008e500000|  0%| F|  |TAMS 0x000000008e400000, 0x000000008e400000| Untracked 
| 229|0x000000008e500000, 0x000000008e500000, 0x000000008e600000|  0%| F|  |TAMS 0x000000008e500000, 0x000000008e500000| Untracked 
| 230|0x000000008e600000, 0x000000008e600000, 0x000000008e700000|  0%| F|  |TAMS 0x000000008e600000, 0x000000008e600000| Untracked 
| 231|0x000000008e700000, 0x000000008e700000, 0x000000008e800000|  0%| F|  |TAMS 0x000000008e700000, 0x000000008e700000| Untracked 
| 232|0x000000008e800000, 0x000000008e800000, 0x000000008e900000|  0%| F|  |TAMS 0x000000008e800000, 0x000000008e800000| Untracked 
| 233|0x000000008e900000, 0x000000008e900000, 0x000000008ea00000|  0%| F|  |TAMS 0x000000008e900000, 0x000000008e900000| Untracked 
| 234|0x000000008ea00000, 0x000000008ea00000, 0x000000008eb00000|  0%| F|  |TAMS 0x000000008ea00000, 0x000000008ea00000| Untracked 
| 235|0x000000008eb00000, 0x000000008eb00000, 0x000000008ec00000|  0%| F|  |TAMS 0x000000008eb00000, 0x000000008eb00000| Untracked 
| 236|0x000000008ec00000, 0x000000008ec00000, 0x000000008ed00000|  0%| F|  |TAMS 0x000000008ec00000, 0x000000008ec00000| Untracked 
| 237|0x000000008ed00000, 0x000000008ed00000, 0x000000008ee00000|  0%| F|  |TAMS 0x000000008ed00000, 0x000000008ed00000| Untracked 
| 238|0x000000008ee00000, 0x000000008ee00000, 0x000000008ef00000|  0%| F|  |TAMS 0x000000008ee00000, 0x000000008ee00000| Untracked 
| 239|0x000000008ef00000, 0x000000008ef00000, 0x000000008f000000|  0%| F|  |TAMS 0x000000008ef00000, 0x000000008ef00000| Untracked 
| 240|0x000000008f000000, 0x000000008f000000, 0x000000008f100000|  0%| F|  |TAMS 0x000000008f000000, 0x000000008f000000| Untracked 
| 241|0x000000008f100000, 0x000000008f100000, 0x000000008f200000|  0%| F|  |TAMS 0x000000008f100000, 0x000000008f100000| Untracked 
| 242|0x000000008f200000, 0x000000008f200000, 0x000000008f300000|  0%| F|  |TAMS 0x000000008f200000, 0x000000008f200000| Untracked 
| 243|0x000000008f300000, 0x000000008f300000, 0x000000008f400000|  0%| F|  |TAMS 0x000000008f300000, 0x000000008f300000| Untracked 
| 244|0x000000008f400000, 0x000000008f400000, 0x000000008f500000|  0%| F|  |TAMS 0x000000008f400000, 0x000000008f400000| Untracked 
| 245|0x000000008f500000, 0x000000008f500000, 0x000000008f600000|  0%| F|  |TAMS 0x000000008f500000, 0x000000008f500000| Untracked 
| 246|0x000000008f600000, 0x000000008f600000, 0x000000008f700000|  0%| F|  |TAMS 0x000000008f600000, 0x000000008f600000| Untracked 
| 247|0x000000008f700000, 0x000000008f700000, 0x000000008f800000|  0%| F|  |TAMS 0x000000008f700000, 0x000000008f700000| Untracked 
| 248|0x000000008f800000, 0x000000008f800000, 0x000000008f900000|  0%| F|  |TAMS 0x000000008f800000, 0x000000008f800000| Untracked 
| 249|0x000000008f900000, 0x000000008f981a78, 0x000000008fa00000| 50%| E|  |TAMS 0x000000008f900000, 0x000000008f900000| Complete 
| 250|0x000000008fa00000, 0x000000008fb00000, 0x000000008fb00000|100%| E|CS|TAMS 0x000000008fa00000, 0x000000008fa00000| Complete 
| 251|0x000000008fb00000, 0x000000008fc00000, 0x000000008fc00000|100%| E|CS|TAMS 0x000000008fb00000, 0x000000008fb00000| Complete 
| 252|0x000000008fc00000, 0x000000008fd00000, 0x000000008fd00000|100%| E|CS|TAMS 0x000000008fc00000, 0x000000008fc00000| Complete 
| 253|0x000000008fd00000, 0x000000008fe00000, 0x000000008fe00000|100%| E|CS|TAMS 0x000000008fd00000, 0x000000008fd00000| Complete 
| 254|0x000000008fe00000, 0x000000008ff00000, 0x000000008ff00000|100%| E|CS|TAMS 0x000000008fe00000, 0x000000008fe00000| Complete 
| 255|0x000000008ff00000, 0x0000000090000000, 0x0000000090000000|100%| E|CS|TAMS 0x000000008ff00000, 0x000000008ff00000| Complete 
| 256|0x0000000090000000, 0x0000000090100000, 0x0000000090100000|100%| E|CS|TAMS 0x0000000090000000, 0x0000000090000000| Complete 
| 257|0x0000000090100000, 0x0000000090200000, 0x0000000090200000|100%| E|CS|TAMS 0x0000000090100000, 0x0000000090100000| Complete 
| 258|0x0000000090200000, 0x0000000090300000, 0x0000000090300000|100%| E|CS|TAMS 0x0000000090200000, 0x0000000090200000| Complete 
| 259|0x0000000090300000, 0x0000000090400000, 0x0000000090400000|100%| E|CS|TAMS 0x0000000090300000, 0x0000000090300000| Complete 
| 260|0x0000000090400000, 0x0000000090500000, 0x0000000090500000|100%| E|CS|TAMS 0x0000000090400000, 0x0000000090400000| Complete 
| 261|0x0000000090500000, 0x0000000090600000, 0x0000000090600000|100%| E|CS|TAMS 0x0000000090500000, 0x0000000090500000| Complete 
| 262|0x0000000090600000, 0x0000000090700000, 0x0000000090700000|100%| E|CS|TAMS 0x0000000090600000, 0x0000000090600000| Complete 
| 263|0x0000000090700000, 0x0000000090800000, 0x0000000090800000|100%| E|CS|TAMS 0x0000000090700000, 0x0000000090700000| Complete 
| 264|0x0000000090800000, 0x0000000090900000, 0x0000000090900000|100%| E|CS|TAMS 0x0000000090800000, 0x0000000090800000| Complete 
| 265|0x0000000090900000, 0x0000000090a00000, 0x0000000090a00000|100%| E|CS|TAMS 0x0000000090900000, 0x0000000090900000| Complete 
| 266|0x0000000090a00000, 0x0000000090b00000, 0x0000000090b00000|100%| E|CS|TAMS 0x0000000090a00000, 0x0000000090a00000| Complete 
| 267|0x0000000090b00000, 0x0000000090c00000, 0x0000000090c00000|100%| E|CS|TAMS 0x0000000090b00000, 0x0000000090b00000| Complete 
| 268|0x0000000090c00000, 0x0000000090d00000, 0x0000000090d00000|100%| E|CS|TAMS 0x0000000090c00000, 0x0000000090c00000| Complete 
| 269|0x0000000090d00000, 0x0000000090e00000, 0x0000000090e00000|100%| E|CS|TAMS 0x0000000090d00000, 0x0000000090d00000| Complete 
| 270|0x0000000090e00000, 0x0000000090f00000, 0x0000000090f00000|100%| E|CS|TAMS 0x0000000090e00000, 0x0000000090e00000| Complete 
| 271|0x0000000090f00000, 0x0000000091000000, 0x0000000091000000|100%| E|  |TAMS 0x0000000090f00000, 0x0000000090f00000| Complete 
| 272|0x0000000091000000, 0x0000000091100000, 0x0000000091100000|100%| E|CS|TAMS 0x0000000091000000, 0x0000000091000000| Complete 
| 273|0x0000000091100000, 0x0000000091200000, 0x0000000091200000|100%| E|CS|TAMS 0x0000000091100000, 0x0000000091100000| Complete 
| 274|0x0000000091200000, 0x0000000091300000, 0x0000000091300000|100%| E|CS|TAMS 0x0000000091200000, 0x0000000091200000| Complete 
| 275|0x0000000091300000, 0x0000000091400000, 0x0000000091400000|100%| E|CS|TAMS 0x0000000091300000, 0x0000000091300000| Complete 
| 276|0x0000000091400000, 0x0000000091500000, 0x0000000091500000|100%| E|CS|TAMS 0x0000000091400000, 0x0000000091400000| Complete 
| 277|0x0000000091500000, 0x0000000091600000, 0x0000000091600000|100%| E|CS|TAMS 0x0000000091500000, 0x0000000091500000| Complete 
| 278|0x0000000091600000, 0x0000000091700000, 0x0000000091700000|100%| E|CS|TAMS 0x0000000091600000, 0x0000000091600000| Complete 
| 279|0x0000000091700000, 0x0000000091800000, 0x0000000091800000|100%| E|CS|TAMS 0x0000000091700000, 0x0000000091700000| Complete 
| 280|0x0000000091800000, 0x0000000091900000, 0x0000000091900000|100%| E|CS|TAMS 0x0000000091800000, 0x0000000091800000| Complete 
| 281|0x0000000091900000, 0x0000000091a00000, 0x0000000091a00000|100%| E|CS|TAMS 0x0000000091900000, 0x0000000091900000| Complete 
| 282|0x0000000091a00000, 0x0000000091b00000, 0x0000000091b00000|100%| E|CS|TAMS 0x0000000091a00000, 0x0000000091a00000| Complete 
| 283|0x0000000091b00000, 0x0000000091c00000, 0x0000000091c00000|100%| E|CS|TAMS 0x0000000091b00000, 0x0000000091b00000| Complete 
| 284|0x0000000091c00000, 0x0000000091d00000, 0x0000000091d00000|100%| E|CS|TAMS 0x0000000091c00000, 0x0000000091c00000| Complete 
| 285|0x0000000091d00000, 0x0000000091e00000, 0x0000000091e00000|100%| E|CS|TAMS 0x0000000091d00000, 0x0000000091d00000| Complete 
| 286|0x0000000091e00000, 0x0000000091f00000, 0x0000000091f00000|100%| E|CS|TAMS 0x0000000091e00000, 0x0000000091e00000| Complete 
| 287|0x0000000091f00000, 0x0000000092000000, 0x0000000092000000|100%| E|CS|TAMS 0x0000000091f00000, 0x0000000091f00000| Complete 
| 288|0x0000000092000000, 0x0000000092100000, 0x0000000092100000|100%| E|CS|TAMS 0x0000000092000000, 0x0000000092000000| Complete 
| 289|0x0000000092100000, 0x0000000092200000, 0x0000000092200000|100%| E|CS|TAMS 0x0000000092100000, 0x0000000092100000| Complete 
| 290|0x0000000092200000, 0x0000000092300000, 0x0000000092300000|100%| E|CS|TAMS 0x0000000092200000, 0x0000000092200000| Complete 
| 291|0x0000000092300000, 0x0000000092400000, 0x0000000092400000|100%| E|CS|TAMS 0x0000000092300000, 0x0000000092300000| Complete 
| 292|0x0000000092400000, 0x0000000092500000, 0x0000000092500000|100%| E|CS|TAMS 0x0000000092400000, 0x0000000092400000| Complete 
| 293|0x0000000092500000, 0x0000000092600000, 0x0000000092600000|100%| E|CS|TAMS 0x0000000092500000, 0x0000000092500000| Complete 
| 294|0x0000000092600000, 0x0000000092700000, 0x0000000092700000|100%| E|CS|TAMS 0x0000000092600000, 0x0000000092600000| Complete 
| 295|0x0000000092700000, 0x0000000092800000, 0x0000000092800000|100%| E|CS|TAMS 0x0000000092700000, 0x0000000092700000| Complete 
| 296|0x0000000092800000, 0x0000000092900000, 0x0000000092900000|100%| E|CS|TAMS 0x0000000092800000, 0x0000000092800000| Complete 

Card table byte_map: [0x000001f0fcc00000,0x000001f0fd000000] _byte_map_base: 0x000001f0fc800000

Marking Bits (Prev, Next): (CMBitMap*) 0x000001f0f906c9e0, (CMBitMap*) 0x000001f0f906ca20
 Prev Bits: [0x000001f0fd400000, 0x000001f0ff400000)
 Next Bits: [0x000001f08f000000, 0x000001f091000000)

Polling page: 0x000001f0f6e10000

Metaspace:

Usage:
  Non-class:    101.52 MB used.
      Class:     16.63 MB used.
       Both:    118.15 MB used.

Virtual space:
  Non-class space:      104.00 MB reserved,     101.94 MB ( 98%) committed,  13 nodes.
      Class space:        1.00 GB reserved,      17.06 MB (  2%) committed,  1 nodes.
             Both:        1.10 GB reserved,     119.00 MB ( 11%) committed. 

Chunk freelists:
   Non-Class:  1.89 MB
       Class:  2.97 MB
        Both:  4.86 MB

MaxMetaspaceSize: unlimited
CompressedClassSpaceSize: 1.00 GB
Initial GC threshold: 21.00 MB
Current GC threshold: 158.06 MB
CDS: off
MetaspaceReclaimPolicy: balanced
 - commit_granule_bytes: 65536.
 - commit_granule_words: 8192.
 - virtual_space_node_default_size: 1048576.
 - enlarge_chunks_in_place: 1.
 - new_chunks_are_fully_committed: 0.
 - uncommit_free_chunks: 1.
 - use_allocation_guard: 0.
 - handle_deallocations: 1.


Internal statistics:

num_allocs_failed_limit: 6.
num_arena_births: 1296.
num_arena_deaths: 12.
num_vsnodes_births: 14.
num_vsnodes_deaths: 0.
num_space_committed: 1904.
num_space_uncommitted: 0.
num_chunks_returned_to_freelist: 20.
num_chunks_taken_from_freelist: 5887.
num_chunk_merges: 9.
num_chunk_splits: 3927.
num_chunks_enlarged: 2651.
num_purges: 2.
num_inconsistent_stats: 0.

CodeHeap 'non-profiled nmethods': size=120000Kb used=10204Kb max_used=10204Kb free=109795Kb
 bounds [0x000001f087ad0000, 0x000001f0884d0000, 0x000001f08f000000]
CodeHeap 'profiled nmethods': size=120000Kb used=31408Kb max_used=31408Kb free=88591Kb
 bounds [0x000001f080000000, 0x000001f081eb0000, 0x000001f087530000]
CodeHeap 'non-nmethods': size=5760Kb used=2448Kb max_used=2500Kb free=3311Kb
 bounds [0x000001f087530000, 0x000001f0877b0000, 0x000001f087ad0000]
 total_blobs=17237 nmethods=16257 adapters=891
 compilation: enabled
              stopped_count=0, restarted_count=0
 full_count=0

Compilation events (20 events):
Event: 163.117 Thread 0x000001f093870430 nmethod 18929 0x000001f081e92490 code [0x000001f081e926c0, 0x000001f081e93048]
Event: 163.120 Thread 0x000001f093870430 18931       3       org.gradle.api.internal.artifacts.ivyservice.resolveengine.result.StreamingResolutionResultBuilder$$Lambda$560/0x0000000100686d08::write (17 bytes)
Event: 163.120 Thread 0x000001f093870430 nmethod 18931 0x000001f081e93410 code [0x000001f081e935c0, 0x000001f081e93728]
Event: 163.121 Thread 0x000001f093870430 18932       3       org.gradle.internal.component.model.DefaultSelectedByVariantMatchingConfigurationMetadata::getVariants (10 bytes)
Event: 163.121 Thread 0x000001f093870430 nmethod 18932 0x000001f081e93810 code [0x000001f081e939c0, 0x000001f081e93b88]
Event: 163.121 Thread 0x000001f093870430 18933       3       org.gradle.internal.component.external.model.AbstractConfigurationMetadata::getVariants (35 bytes)
Event: 163.122 Thread 0x000001f093870430 nmethod 18933 0x000001f081e93c90 code [0x000001f081e93f20, 0x000001f081e94f38]
Event: 163.122 Thread 0x000001f093870430 18937       3       org.gradle.api.internal.artifacts.ivyservice.resolveengine.artifact.DefaultArtifactSet::createFromVariantMetadata (144 bytes)
Event: 163.123 Thread 0x000001f093870430 nmethod 18937 0x000001f081e95410 code [0x000001f081e95740, 0x000001f081e96e38]
Event: 163.123 Thread 0x000001f093870430 18934       3       org.gradle.internal.component.external.model.AbstractConfigurationMetadata::getIdentifier (16 bytes)
Event: 163.123 Thread 0x000001f093870430 nmethod 18934 0x000001f081e97610 code [0x000001f081e977c0, 0x000001f081e97a98]
Event: 163.123 Thread 0x000001f093870430 18935       3       org.gradle.internal.component.external.model.AbstractConfigurationMetadata::asDescribable (14 bytes)
Event: 163.123 Thread 0x000001f093870430 nmethod 18935 0x000001f081e97b90 code [0x000001f081e97d40, 0x000001f081e97e88]
Event: 163.123 Thread 0x000001f093870430 18936       3       org.gradle.internal.component.external.model.DefaultConfigurationMetadata::getArtifacts (32 bytes)
Event: 163.123 Thread 0x000001f093870430 nmethod 18936 0x000001f081e97f10 code [0x000001f081e980c0, 0x000001f081e984e8]
Event: 163.123 Thread 0x000001f093870430 18940   !   3       org.gradle.internal.logging.sink.OutputEventRenderer::onOutput (101 bytes)
Event: 163.124 Thread 0x000001f093870430 nmethod 18940 0x000001f081e98690 code [0x000001f081e988e0, 0x000001f081e995f8]
Event: 163.124 Thread 0x000001f093870430 18939       3       org.gradle.internal.component.model.AttributeMatchingExplanationBuilder::singleMatch (1 bytes)
Event: 163.124 Thread 0x000001f093870430 nmethod 18939 0x000001f081e99910 code [0x000001f081e99aa0, 0x000001f081e99bb8]
Event: 163.124 Thread 0x000001f093870430 18941       3       java.lang.Thread::<init> (29 bytes)

GC Heap History (20 events):
Event: 12.474 GC heap before
{Heap before GC invocations=49 (full 0):
 garbage-first heap   total 194560K, used 165944K [0x0000000080000000, 0x0000000100000000)
  region size 1024K, 84 young (86016K), 1 survivors (1024K)
 Metaspace       used 94448K, committed 95104K, reserved 1138688K
  class space    used 12752K, committed 13056K, reserved 1048576K
}
Event: 12.481 GC heap after
{Heap after GC invocations=50 (full 0):
 garbage-first heap   total 194560K, used 94681K [0x0000000080000000, 0x0000000100000000)
  region size 1024K, 11 young (11264K), 11 survivors (11264K)
 Metaspace       used 94448K, committed 95104K, reserved 1138688K
  class space    used 12752K, committed 13056K, reserved 1048576K
}
Event: 12.911 GC heap before
{Heap before GC invocations=50 (full 0):
 garbage-first heap   total 194560K, used 155097K [0x0000000080000000, 0x0000000100000000)
  region size 1024K, 71 young (72704K), 11 survivors (11264K)
 Metaspace       used 95561K, committed 96256K, reserved 1138688K
  class space    used 12856K, committed 13184K, reserved 1048576K
}
Event: 12.919 GC heap after
{Heap after GC invocations=51 (full 0):
 garbage-first heap   total 194560K, used 94425K [0x0000000080000000, 0x0000000100000000)
  region size 1024K, 5 young (5120K), 5 survivors (5120K)
 Metaspace       used 95561K, committed 96256K, reserved 1138688K
  class space    used 12856K, committed 13184K, reserved 1048576K
}
Event: 13.296 GC heap before
{Heap before GC invocations=51 (full 0):
 garbage-first heap   total 194560K, used 155865K [0x0000000080000000, 0x0000000100000000)
  region size 1024K, 66 young (67584K), 5 survivors (5120K)
 Metaspace       used 95565K, committed 96256K, reserved 1138688K
  class space    used 12856K, committed 13184K, reserved 1048576K
}
Event: 13.300 GC heap after
{Heap after GC invocations=52 (full 0):
 garbage-first heap   total 194560K, used 97177K [0x0000000080000000, 0x0000000100000000)
  region size 1024K, 7 young (7168K), 7 survivors (7168K)
 Metaspace       used 95565K, committed 96256K, reserved 1138688K
  class space    used 12856K, committed 13184K, reserved 1048576K
}
Event: 13.693 GC heap before
{Heap before GC invocations=53 (full 0):
 garbage-first heap   total 194560K, used 159641K [0x0000000080000000, 0x0000000100000000)
  region size 1024K, 67 young (68608K), 7 survivors (7168K)
 Metaspace       used 95566K, committed 96256K, reserved 1138688K
  class space    used 12856K, committed 13184K, reserved 1048576K
}
Event: 13.698 GC heap after
{Heap after GC invocations=54 (full 0):
 garbage-first heap   total 194560K, used 97934K [0x0000000080000000, 0x0000000100000000)
  region size 1024K, 5 young (5120K), 5 survivors (5120K)
 Metaspace       used 95566K, committed 96256K, reserved 1138688K
  class space    used 12856K, committed 13184K, reserved 1048576K
}
Event: 13.711 GC heap before
{Heap before GC invocations=54 (full 0):
 garbage-first heap   total 194560K, used 101006K [0x0000000080000000, 0x0000000100000000)
  region size 1024K, 9 young (9216K), 5 survivors (5120K)
 Metaspace       used 95566K, committed 96256K, reserved 1138688K
  class space    used 12856K, committed 13184K, reserved 1048576K
}
Event: 13.713 GC heap after
{Heap after GC invocations=55 (full 0):
 garbage-first heap   total 194560K, used 97444K [0x0000000080000000, 0x0000000100000000)
  region size 1024K, 1 young (1024K), 1 survivors (1024K)
 Metaspace       used 95566K, committed 96256K, reserved 1138688K
  class space    used 12856K, committed 13184K, reserved 1048576K
}
Event: 13.910 GC heap before
{Heap before GC invocations=55 (full 0):
 garbage-first heap   total 194560K, used 159908K [0x0000000080000000, 0x0000000100000000)
  region size 1024K, 63 young (64512K), 1 survivors (1024K)
 Metaspace       used 95566K, committed 96256K, reserved 1138688K
  class space    used 12856K, committed 13184K, reserved 1048576K
}
Event: 13.912 GC heap after
{Heap after GC invocations=56 (full 0):
 garbage-first heap   total 304128K, used 98169K [0x0000000080000000, 0x0000000100000000)
  region size 1024K, 2 young (2048K), 2 survivors (2048K)
 Metaspace       used 95566K, committed 96256K, reserved 1138688K
  class space    used 12856K, committed 13184K, reserved 1048576K
}
Event: 14.511 GC heap before
{Heap before GC invocations=56 (full 0):
 garbage-first heap   total 304128K, used 202617K [0x0000000080000000, 0x0000000100000000)
  region size 1024K, 106 young (108544K), 2 survivors (2048K)
 Metaspace       used 96093K, committed 96832K, reserved 1138688K
  class space    used 12926K, committed 13312K, reserved 1048576K
}
Event: 14.517 GC heap after
{Heap after GC invocations=57 (full 0):
 garbage-first heap   total 304128K, used 102861K [0x0000000080000000, 0x0000000100000000)
  region size 1024K, 6 young (6144K), 6 survivors (6144K)
 Metaspace       used 96093K, committed 96832K, reserved 1138688K
  class space    used 12926K, committed 13312K, reserved 1048576K
}
Event: 15.567 GC heap before
{Heap before GC invocations=58 (full 0):
 garbage-first heap   total 304128K, used 255437K [0x0000000080000000, 0x0000000100000000)
  region size 1024K, 154 young (157696K), 6 survivors (6144K)
 Metaspace       used 111522K, committed 112320K, reserved 1146880K
  class space    used 15770K, committed 16128K, reserved 1048576K
}
Event: 15.575 GC heap after
{Heap after GC invocations=59 (full 0):
 garbage-first heap   total 304128K, used 110270K [0x0000000080000000, 0x0000000100000000)
  region size 1024K, 14 young (14336K), 14 survivors (14336K)
 Metaspace       used 111522K, committed 112320K, reserved 1146880K
  class space    used 15770K, committed 16128K, reserved 1048576K
}
Event: 15.612 GC heap before
{Heap before GC invocations=59 (full 0):
 garbage-first heap   total 304128K, used 111294K [0x0000000080000000, 0x0000000100000000)
  region size 1024K, 15 young (15360K), 14 survivors (14336K)
 Metaspace       used 111577K, committed 112384K, reserved 1146880K
  class space    used 15774K, committed 16128K, reserved 1048576K
}
Event: 15.617 GC heap after
{Heap after GC invocations=60 (full 0):
 garbage-first heap   total 304128K, used 104120K [0x0000000080000000, 0x0000000100000000)
  region size 1024K, 2 young (2048K), 2 survivors (2048K)
 Metaspace       used 111577K, committed 112384K, reserved 1146880K
  class space    used 15774K, committed 16128K, reserved 1048576K
}
Event: 152.538 GC heap before
{Heap before GC invocations=60 (full 0):
 garbage-first heap   total 304128K, used 273080K [0x0000000080000000, 0x0000000100000000)
  region size 1024K, 137 young (140288K), 2 survivors (2048K)
 Metaspace       used 120466K, committed 121216K, reserved 1155072K
  class space    used 16992K, committed 17344K, reserved 1048576K
}
Event: 152.598 GC heap after
{Heap after GC invocations=61 (full 0):
 garbage-first heap   total 304128K, used 111352K [0x0000000080000000, 0x0000000100000000)
  region size 1024K, 9 young (9216K), 9 survivors (9216K)
 Metaspace       used 120466K, committed 121216K, reserved 1155072K
  class space    used 16992K, committed 17344K, reserved 1048576K
}

Dll operation events (2 events):
Event: 0.018 Loaded shared library C:\Program Files\Android\Android Studio\jbr\bin\java.dll
Event: 0.371 Loaded shared library C:\Program Files\Android\Android Studio\jbr\bin\verify.dll

Deoptimization events (20 events):
Event: 153.178 Thread 0x000001f099927fa0 Uncommon trap: trap_request=0xffffff45 fr.pc=0x000001f08845e448 relative=0x0000000000000288
Event: 153.178 Thread 0x000001f099927fa0 Uncommon trap: reason=unstable_if action=reinterpret pc=0x000001f08845e448 method=org.gradle.internal.logging.sink.OutputEventRenderer.onOutput(Lorg/gradle/internal/logging/events/OutputEvent;)V @ 4 c2
Event: 153.178 Thread 0x000001f099927fa0 DEOPT PACKING pc=0x000001f08845e448 sp=0x00000074720fe2e0
Event: 153.178 Thread 0x000001f099927fa0 DEOPT UNPACKING pc=0x000001f08758a1a3 sp=0x00000074720fe298 mode 2
Event: 153.202 Thread 0x000001f099924ab0 Uncommon trap: trap_request=0xffffff45 fr.pc=0x000001f087c49f34 relative=0x0000000000000374
Event: 153.202 Thread 0x000001f099924ab0 Uncommon trap: reason=unstable_if action=reinterpret pc=0x000001f087c49f34 method=com.esotericsoftware.kryo.io.Input.require(I)I @ 180 c2
Event: 153.202 Thread 0x000001f099924ab0 DEOPT PACKING pc=0x000001f087c49f34 sp=0x0000007470bff2b0
Event: 153.202 Thread 0x000001f099924ab0 DEOPT UNPACKING pc=0x000001f08758a1a3 sp=0x0000007470bff1d8 mode 2
Event: 162.976 Thread 0x000001f099927fa0 Uncommon trap: trap_request=0xffffffc6 fr.pc=0x000001f087e276bc relative=0x000000000000011c
Event: 162.976 Thread 0x000001f099927fa0 Uncommon trap: reason=bimorphic_or_optimized_type_check action=maybe_recompile pc=0x000001f087e276bc method=java.util.Collections$UnmodifiableList.get(I)Ljava/lang/Object; @ 5 c2
Event: 162.976 Thread 0x000001f099927fa0 DEOPT PACKING pc=0x000001f087e276bc sp=0x00000074720fea50
Event: 162.977 Thread 0x000001f099927fa0 DEOPT UNPACKING pc=0x000001f08758a1a3 sp=0x00000074720fe9e8 mode 2
Event: 163.015 Thread 0x000001f099927fa0 Uncommon trap: trap_request=0xffffffde fr.pc=0x000001f087bdb210 relative=0x0000000000000cd0
Event: 163.015 Thread 0x000001f099927fa0 Uncommon trap: reason=class_check action=maybe_recompile pc=0x000001f087bdb210 method=com.google.common.cache.LocalCache$Segment.setValue(Lcom/google/common/cache/ReferenceEntry;Ljava/lang/Object;Ljava/lang/Object;J)V @ 51 c2
Event: 163.015 Thread 0x000001f099927fa0 DEOPT PACKING pc=0x000001f087bdb210 sp=0x00000074720fab60
Event: 163.015 Thread 0x000001f099927fa0 DEOPT UNPACKING pc=0x000001f08758a1a3 sp=0x00000074720fab08 mode 2
Event: 163.044 Thread 0x000001f099927fa0 Uncommon trap: trap_request=0xffffffde fr.pc=0x000001f0881a99a8 relative=0x0000000000000668
Event: 163.044 Thread 0x000001f099927fa0 Uncommon trap: reason=class_check action=maybe_recompile pc=0x000001f0881a99a8 method=org.gradle.cache.internal.LockOnDemandCrossProcessCacheAccess.incrementLockCount()V @ 97 c2
Event: 163.044 Thread 0x000001f099927fa0 DEOPT PACKING pc=0x000001f0881a99a8 sp=0x00000074720f7140
Event: 163.044 Thread 0x000001f099927fa0 DEOPT UNPACKING pc=0x000001f08758a1a3 sp=0x00000074720f70f0 mode 2

Classes unloaded (6 events):
Event: 10.428 Thread 0x000001f0ffe7ed00 Unloading class 0x0000000100b91800 'java/lang/invoke/LambdaForm$DMH+0x0000000100b91800'
Event: 10.428 Thread 0x000001f0ffe7ed00 Unloading class 0x0000000100b91400 'java/lang/invoke/LambdaForm$DMH+0x0000000100b91400'
Event: 10.428 Thread 0x000001f0ffe7ed00 Unloading class 0x0000000100b91000 'java/lang/invoke/LambdaForm$DMH+0x0000000100b91000'
Event: 10.428 Thread 0x000001f0ffe7ed00 Unloading class 0x0000000100b90c00 'java/lang/invoke/LambdaForm$DMH+0x0000000100b90c00'
Event: 10.428 Thread 0x000001f0ffe7ed00 Unloading class 0x0000000100b90800 'java/lang/invoke/LambdaForm$DMH+0x0000000100b90800'
Event: 10.428 Thread 0x000001f0ffe7ed00 Unloading class 0x0000000100b90400 'java/lang/invoke/LambdaForm$DMH+0x0000000100b90400'

Classes redefined (0 events):
No events

Internal exceptions (20 events):
Event: 16.663 Thread 0x000001f09f909ae0 Implicit null exception at 0x000001f0881c2356 to 0x000001f0881c3a00
Event: 16.664 Thread 0x000001f09f904910 Implicit null exception at 0x000001f0881d5fd3 to 0x000001f0881d76a8
Event: 16.665 Thread 0x000001f09f909610 Implicit null exception at 0x000001f0881d16f0 to 0x000001f0881d1d68
Event: 16.722 Thread 0x000001f09b8eb470 Exception <a 'sun/nio/fs/WindowsException'{0x000000008ce4ba68}> (0x000000008ce4ba68) 
thrown [s\src\hotspot\share\prims\jni.cpp, line 517]
Event: 16.722 Thread 0x000001f09b8eb470 Exception <a 'sun/nio/fs/WindowsException'{0x000000008ce4c918}> (0x000000008ce4c918) 
thrown [s\src\hotspot\share\prims\jni.cpp, line 517]
Event: 16.746 Thread 0x000001f09664fa10 Exception <a 'sun/nio/fs/WindowsException'{0x000000008cd29920}> (0x000000008cd29920) 
thrown [s\src\hotspot\share\prims\jni.cpp, line 517]
Event: 16.746 Thread 0x000001f09664fa10 Exception <a 'sun/nio/fs/WindowsException'{0x000000008cd29d38}> (0x000000008cd29d38) 
thrown [s\src\hotspot\share\prims\jni.cpp, line 517]
Event: 16.747 Thread 0x000001f09664fa10 Exception <a 'sun/nio/fs/WindowsException'{0x000000008cd36008}> (0x000000008cd36008) 
thrown [s\src\hotspot\share\prims\jni.cpp, line 517]
Event: 21.660 Thread 0x000001f095df8c50 Implicit null exception at 0x000001f087b42155 to 0x000001f087b42768
Event: 21.660 Thread 0x000001f095df8c50 Implicit null exception at 0x000001f087b250f2 to 0x000001f087b258a0
Event: 152.371 Thread 0x000001f099927fa0 Exception <a 'sun/nio/fs/WindowsException'{0x000000008a9e4bd0}> (0x000000008a9e4bd0) 
thrown [s\src\hotspot\share\prims\jni.cpp, line 517]
Event: 152.445 Thread 0x000001f099927fa0 Exception <a 'java/lang/NoClassDefFoundError'{0x000000008a55f378}: org/jetbrains/kotlin/gradle/plugin/KotlinBasePluginWrapper> (0x000000008a55f378) 
thrown [s\src\hotspot\share\oops\constantPool.cpp, line 835]
Event: 152.466 Thread 0x000001f099927fa0 Exception <a 'sun/nio/fs/WindowsException'{0x000000008a4a5628}> (0x000000008a4a5628) 
thrown [s\src\hotspot\share\prims\jni.cpp, line 517]
Event: 152.477 Thread 0x000001f099927fa0 Exception <a 'sun/nio/fs/WindowsException'{0x000000008a344138}> (0x000000008a344138) 
thrown [s\src\hotspot\share\prims\jni.cpp, line 517]
Event: 152.477 Thread 0x000001f099927fa0 Exception <a 'sun/nio/fs/WindowsException'{0x000000008a3454c0}> (0x000000008a3454c0) 
thrown [s\src\hotspot\share\prims\jni.cpp, line 517]
Event: 152.477 Thread 0x000001f099927fa0 Exception <a 'sun/nio/fs/WindowsException'{0x000000008a346ae0}> (0x000000008a346ae0) 
thrown [s\src\hotspot\share\prims\jni.cpp, line 517]
Event: 152.477 Thread 0x000001f099927fa0 Exception <a 'sun/nio/fs/WindowsException'{0x000000008a347eb8}> (0x000000008a347eb8) 
thrown [s\src\hotspot\share\prims\jni.cpp, line 517]
Event: 153.154 Thread 0x000001f099927fa0 Exception <a 'sun/nio/fs/WindowsException'{0x000000009285dd78}> (0x000000009285dd78) 
thrown [s\src\hotspot\share\prims\jni.cpp, line 517]
Event: 153.154 Thread 0x000001f099927fa0 Exception <a 'sun/nio/fs/WindowsException'{0x000000009285e190}> (0x000000009285e190) 
thrown [s\src\hotspot\share\prims\jni.cpp, line 517]
Event: 153.154 Thread 0x000001f099927fa0 Exception <a 'sun/nio/fs/WindowsException'{0x000000009285fb30}> (0x000000009285fb30) 
thrown [s\src\hotspot\share\prims\jni.cpp, line 517]

VM Operations (20 events):
Event: 77.365 Executing VM operation: Cleanup
Event: 77.365 Executing VM operation: Cleanup done
Event: 92.523 Executing VM operation: Cleanup
Event: 92.524 Executing VM operation: Cleanup done
Event: 116.774 Executing VM operation: Cleanup
Event: 116.774 Executing VM operation: Cleanup done
Event: 152.127 Executing VM operation: Cleanup
Event: 152.127 Executing VM operation: Cleanup done
Event: 152.400 Executing VM operation: ICBufferFull
Event: 152.400 Executing VM operation: ICBufferFull done
Event: 152.537 Executing VM operation: G1CollectForAllocation
Event: 152.598 Executing VM operation: G1CollectForAllocation done
Event: 152.906 Executing VM operation: ICBufferFull
Event: 152.906 Executing VM operation: ICBufferFull done
Event: 153.037 Executing VM operation: ICBufferFull
Event: 153.037 Executing VM operation: ICBufferFull done
Event: 154.042 Executing VM operation: Cleanup
Event: 154.042 Executing VM operation: Cleanup done
Event: 162.119 Executing VM operation: Cleanup
Event: 162.119 Executing VM operation: Cleanup done

Events (20 events):
Event: 153.203 Thread 0x000001f099924ab0 Thread exited: 0x000001f099924ab0
Event: 162.968 Thread 0x000001f09b8d6bb0 Thread added: 0x000001f09b8d6bb0
Event: 162.972 Thread 0x000001f09b8d9700 Thread added: 0x000001f09b8d9700
Event: 162.976 Thread 0x000001f09b8d4a00 Thread added: 0x000001f09b8d4a00
Event: 162.977 Thread 0x000001f09b8d6210 Thread added: 0x000001f09b8d6210
Event: 162.978 Thread 0x000001f09b8d4ed0 Thread added: 0x000001f09b8d4ed0
Event: 162.991 Thread 0x000001f09b8d4060 Thread added: 0x000001f09b8d4060
Event: 162.992 Thread 0x000001f09b8d7080 Thread added: 0x000001f09b8d7080
Event: 162.995 Thread 0x000001f09b8d53a0 Thread added: 0x000001f09b8d53a0
Event: 162.997 Thread 0x000001f09b8d5d40 Thread added: 0x000001f09b8d5d40
Event: 163.016 Thread 0x000001f09b8daf10 Thread added: 0x000001f09b8daf10
Event: 163.041 Thread 0x000001f09b8d4530 Thread added: 0x000001f09b8d4530
Event: 163.124 Thread 0x000001f09b8d7550 Thread added: 0x000001f09b8d7550
Event: 163.124 Thread 0x000001f09b8d8890 Thread added: 0x000001f09b8d8890
Event: 163.124 Thread 0x000001f09b8d7a20 Thread added: 0x000001f09b8d7a20
Event: 163.124 Thread 0x000001f09b8d7ef0 Thread added: 0x000001f09b8d7ef0
Event: 163.124 Thread 0x000001f09b8d83c0 Thread added: 0x000001f09b8d83c0
Event: 163.124 Thread 0x000001f09b8d8d60 Thread added: 0x000001f09b8d8d60
Event: 163.124 Thread 0x000001f09b8db3e0 Thread added: 0x000001f09b8db3e0
Event: 163.124 Thread 0x000001f09b8d9230 Thread added: 0x000001f09b8d9230


Dynamic libraries:
0x00007ff628a70000 - 0x00007ff628a7a000 	C:\Program Files\Android\Android Studio\jbr\bin\java.exe
0x00007fffbe530000 - 0x00007fffbe746000 	C:\WINDOWS\SYSTEM32\ntdll.dll
0x00007fffbd950000 - 0x00007fffbda14000 	C:\WINDOWS\System32\KERNEL32.DLL
0x00007fffbbb00000 - 0x00007fffbbea6000 	C:\WINDOWS\System32\KERNELBASE.dll
0x00007fffbbfa0000 - 0x00007fffbc0b1000 	C:\WINDOWS\System32\ucrtbase.dll
0x00007fff950a0000 - 0x00007fff950b7000 	C:\Program Files\Android\Android Studio\jbr\bin\jli.dll
0x00007fffbd670000 - 0x00007fffbd81d000 	C:\WINDOWS\System32\USER32.dll
0x00007fffbbeb0000 - 0x00007fffbbed6000 	C:\WINDOWS\System32\win32u.dll
0x00007fffbdaf0000 - 0x00007fffbdb19000 	C:\WINDOWS\System32\GDI32.dll
0x00007fffbb870000 - 0x00007fffbb988000 	C:\WINDOWS\System32\gdi32full.dll
0x00007fffbc1e0000 - 0x00007fffbc27a000 	C:\WINDOWS\System32\msvcp_win.dll
0x00007fff91940000 - 0x00007fff9195b000 	C:\Program Files\Android\Android Studio\jbr\bin\VCRUNTIME140.dll
0x00007fffa0870000 - 0x00007fffa0b03000 	C:\WINDOWS\WinSxS\amd64_microsoft.windows.common-controls_6595b64144ccf1df_6.0.22621.3235_none_270f74e173860f98\COMCTL32.dll
0x00007fffbda40000 - 0x00007fffbdae7000 	C:\WINDOWS\System32\msvcrt.dll
0x00007fffbcf50000 - 0x00007fffbcf81000 	C:\WINDOWS\System32\IMM32.DLL
0x00007fffa3380000 - 0x00007fffa338c000 	C:\Program Files\Android\Android Studio\jbr\bin\vcruntime140_1.dll
0x00007fff68980000 - 0x00007fff68a0d000 	C:\Program Files\Android\Android Studio\jbr\bin\msvcp140.dll
0x00007fff50020000 - 0x00007fff50c8e000 	C:\Program Files\Android\Android Studio\jbr\bin\server\jvm.dll
0x00007fffbcb10000 - 0x00007fffbcbc2000 	C:\WINDOWS\System32\ADVAPI32.dll
0x00007fffbcd70000 - 0x00007fffbce18000 	C:\WINDOWS\System32\sechost.dll
0x00007fffbc130000 - 0x00007fffbc158000 	C:\WINDOWS\System32\bcrypt.dll
0x00007fffbce30000 - 0x00007fffbcf45000 	C:\WINDOWS\System32\RPCRT4.dll
0x00007fff8b5a0000 - 0x00007fff8b5a9000 	C:\WINDOWS\SYSTEM32\WSOCK32.dll
0x00007fffbd4a0000 - 0x00007fffbd511000 	C:\WINDOWS\System32\WS2_32.dll
0x00007fffb2110000 - 0x00007fffb2144000 	C:\WINDOWS\SYSTEM32\WINMM.dll
0x00007fffb2840000 - 0x00007fffb284a000 	C:\WINDOWS\SYSTEM32\VERSION.dll
0x00007fffba9a0000 - 0x00007fffba9b8000 	C:\WINDOWS\SYSTEM32\kernel.appcore.dll
0x00007fffb61c0000 - 0x00007fffb61ca000 	C:\Program Files\Android\Android Studio\jbr\bin\jimage.dll
0x00007fffb8a80000 - 0x00007fffb8cb3000 	C:\WINDOWS\SYSTEM32\DBGHELP.DLL
0x00007fffbc280000 - 0x00007fffbc608000 	C:\WINDOWS\System32\combase.dll
0x00007fffbc8d0000 - 0x00007fffbc9a7000 	C:\WINDOWS\System32\OLEAUT32.dll
0x00007fff93c30000 - 0x00007fff93c62000 	C:\WINDOWS\SYSTEM32\dbgcore.DLL
0x00007fffbc160000 - 0x00007fffbc1da000 	C:\WINDOWS\System32\bcryptPrimitives.dll
0x00007fffa3dd0000 - 0x00007fffa3df5000 	C:\Program Files\Android\Android Studio\jbr\bin\java.dll
0x00007fffb2150000 - 0x00007fffb2168000 	C:\Program Files\Android\Android Studio\jbr\bin\zip.dll
0x00007fffbdc30000 - 0x00007fffbe48d000 	C:\WINDOWS\System32\SHELL32.dll
0x00007fffb97e0000 - 0x00007fffba0d8000 	C:\WINDOWS\SYSTEM32\windows.storage.dll
0x00007fffb96a0000 - 0x00007fffb97de000 	C:\WINDOWS\SYSTEM32\wintypes.dll
0x00007fffbd830000 - 0x00007fffbd923000 	C:\WINDOWS\System32\SHCORE.dll
0x00007fffbdbd0000 - 0x00007fffbdc2e000 	C:\WINDOWS\System32\shlwapi.dll
0x00007fffbb7a0000 - 0x00007fffbb7c6000 	C:\WINDOWS\SYSTEM32\profapi.dll
0x00007fffa4fd0000 - 0x00007fffa4fe9000 	C:\Program Files\Android\Android Studio\jbr\bin\net.dll
0x00007fffb6910000 - 0x00007fffb6a47000 	C:\WINDOWS\SYSTEM32\WINHTTP.dll
0x00007fffbae20000 - 0x00007fffbae89000 	C:\WINDOWS\system32\mswsock.dll
0x00007fffa3e30000 - 0x00007fffa3e46000 	C:\Program Files\Android\Android Studio\jbr\bin\nio.dll
0x00007fffb61b0000 - 0x00007fffb61c0000 	C:\Program Files\Android\Android Studio\jbr\bin\verify.dll
0x00007fff7a0b0000 - 0x00007fff7a0d7000 	C:\Users\LENOVO\.gradle\native\e1d6ef7f7dcc3fd88c89a11ec53ec762bb8ba0a96d01ffa2cd45eb1d1d8dd5c5\windows-amd64\native-platform.dll
0x00007fff55ba0000 - 0x00007fff55ce4000 	C:\Users\LENOVO\.gradle\native\0d407fdbe67a94daf76414ababcb853783967236a71b16ec16e742cd7a986fd3\windows-amd64\native-platform-file-events.dll
0x00007fffb6170000 - 0x00007fffb6179000 	C:\Program Files\Android\Android Studio\jbr\bin\management.dll
0x00007fffb60d0000 - 0x00007fffb60db000 	C:\Program Files\Android\Android Studio\jbr\bin\management_ext.dll
0x00007fffbce20000 - 0x00007fffbce28000 	C:\WINDOWS\System32\PSAPI.DLL
0x00007fffbb070000 - 0x00007fffbb08b000 	C:\WINDOWS\SYSTEM32\CRYPTSP.dll
0x00007fffba900000 - 0x00007fffba935000 	C:\WINDOWS\system32\rsaenh.dll
0x00007fffbaf10000 - 0x00007fffbaf3c000 	C:\WINDOWS\SYSTEM32\USERENV.dll
0x00007fffbb090000 - 0x00007fffbb09c000 	C:\WINDOWS\SYSTEM32\CRYPTBASE.dll
0x00007fffba440000 - 0x00007fffba46d000 	C:\WINDOWS\SYSTEM32\IPHLPAPI.DLL
0x00007fffbd5b0000 - 0x00007fffbd5b9000 	C:\WINDOWS\System32\NSI.dll
0x00007fffb5e90000 - 0x00007fffb5ea9000 	C:\WINDOWS\SYSTEM32\dhcpcsvc6.DLL
0x00007fffb5e70000 - 0x00007fffb5e8f000 	C:\WINDOWS\SYSTEM32\dhcpcsvc.DLL
0x00007fffba470000 - 0x00007fffba569000 	C:\WINDOWS\SYSTEM32\DNSAPI.dll
0x00007fffb0280000 - 0x00007fffb0288000 	C:\WINDOWS\system32\wshunix.dll

dbghelp: loaded successfully - version: 4.0.5 - missing functions: none
symbol engine: initialized successfully - sym options: 0x614 - pdb path: .;C:\Program Files\Android\Android Studio\jbr\bin;C:\WINDOWS\SYSTEM32;C:\WINDOWS\WinSxS\amd64_microsoft.windows.common-controls_6595b64144ccf1df_6.0.22621.3235_none_270f74e173860f98;C:\Program Files\Android\Android Studio\jbr\bin\server;C:\Users\LENOVO\.gradle\native\e1d6ef7f7dcc3fd88c89a11ec53ec762bb8ba0a96d01ffa2cd45eb1d1d8dd5c5\windows-amd64;C:\Users\LENOVO\.gradle\native\0d407fdbe67a94daf76414ababcb853783967236a71b16ec16e742cd7a986fd3\windows-amd64

VM Arguments:
jvm_args: --add-opens=java.base/java.util=ALL-UNNAMED --add-opens=java.base/java.lang=ALL-UNNAMED --add-opens=java.base/java.lang.invoke=ALL-UNNAMED --add-opens=java.base/java.util=ALL-UNNAMED --add-opens=java.prefs/java.util.prefs=ALL-UNNAMED --add-opens=java.prefs/java.util.prefs=ALL-UNNAMED --add-opens=java.base/java.nio.charset=ALL-UNNAMED --add-opens=java.base/java.net=ALL-UNNAMED --add-opens=java.base/java.util.concurrent.atomic=ALL-UNNAMED -Xmx2048m -Dfile.encoding=UTF-8 -Duser.country=ID -Duser.language=en -Duser.variant 
java_command: org.gradle.launcher.daemon.bootstrap.GradleDaemon 7.5
java_class_path (initial): C:\Users\LENOVO\.gradle\wrapper\dists\gradle-7.5-bin\f1w0cc9nuo0eivz97x2xlu9sv\gradle-7.5\lib\gradle-launcher-7.5.jar
Launcher Type: SUN_STANDARD

[Global flags]
     intx CICompilerCount                          = 4                                         {product} {ergonomic}
     uint ConcGCThreads                            = 2                                         {product} {ergonomic}
     uint G1ConcRefinementThreads                  = 8                                         {product} {ergonomic}
   size_t G1HeapRegionSize                         = 1048576                                   {product} {ergonomic}
    uintx GCDrainStackTargetSize                   = 64                                        {product} {ergonomic}
   size_t InitialHeapSize                          = 266338304                                 {product} {ergonomic}
   size_t MarkStackSize                            = 4194304                                   {product} {ergonomic}
   size_t MaxHeapSize                              = 2147483648                                {product} {command line}
   size_t MaxNewSize                               = 1287651328                                {product} {ergonomic}
   size_t MinHeapDeltaBytes                        = 1048576                                   {product} {ergonomic}
   size_t MinHeapSize                              = 8388608                                   {product} {ergonomic}
    uintx NonNMethodCodeHeapSize                   = 5839372                                {pd product} {ergonomic}
    uintx NonProfiledCodeHeapSize                  = 122909434                              {pd product} {ergonomic}
    uintx ProfiledCodeHeapSize                     = 122909434                              {pd product} {ergonomic}
    uintx ReservedCodeCacheSize                    = 251658240                              {pd product} {ergonomic}
     bool SegmentedCodeCache                       = true                                      {product} {ergonomic}
   size_t SoftMaxHeapSize                          = 2147483648                             {manageable} {ergonomic}
     bool UseCompressedClassPointers               = true                           {product lp64_product} {ergonomic}
     bool UseCompressedOops                        = true                           {product lp64_product} {ergonomic}
     bool UseG1GC                                  = true                                      {product} {ergonomic}
     bool UseLargePagesIndividualAllocation        = false                                  {pd product} {ergonomic}

Logging:
Log output configuration:
 #0: stdout all=warning uptime,level,tags
 #1: stderr all=off uptime,level,tags

Environment Variables:
PATH=C:\Program Files (x86)\VMware\VMware Player\bin\;C:\Program Files\Common Files\Oracle\Java\javapath;C:\ProgramData\Oracle\Java\javapath;C:\Windows\system32;C:\Windows;C:\Windows\System32\Wbem;C:\Windows\System32\WindowsPowerShell\v1.0\;C:\Windows\System32\OpenSSH\;C:\Program Files (x86)\NVIDIA Corporation\PhysX\Common;C:\Program Files\NVIDIA Corporation\NVIDIA NvDLISR;C:\Program Files\Cloudflare\Cloudflare WARP\;C:\Program Files\dotnet\;C:\WINDOWS\system32;C:\WINDOWS;C:\WINDOWS\System32\Wbem;C:\WINDOWS\System32\WindowsPowerShell\v1.0\;C:\WINDOWS\System32\OpenSSH\;C:\Program Files\Git\cmd;C:\xampp\php;C:\ProgramData\ComposerSetup\bin;C:\Program Files\nodejs\;C:\Users\LENOVO\AppData\Local\Microsoft\WindowsApps;"C:\Users\LENOVO\AppData\Local\Programs\Microsoft VS Code\bin;C:\Program Files (x86)\Dev-Cpp\MinGW64\bin";C:\Users\LENOVO\AppData\Local\Programs\Microsoft VS Code\bin;C:\Users\LENOVO\.dotnet\tools;C:\Users\LENOVO\AppData\Local\spicetify;C:\Users\LENOVO\AppData\Roaming\Composer\vendor\bin;C:\Users\LENOVO\AppData\Local\GitHubDesktop\bin;C:\Users\LENOVO\AppData\Roaming\npm;C:\flutter\bin;
USERNAME=Xyne
OS=Windows_NT
PROCESSOR_IDENTIFIER=Intel64 Family 6 Model 140 Stepping 2, GenuineIntel
TMP=C:\Users\LENOVO\AppData\Local\Temp
TEMP=C:\Users\LENOVO\AppData\Local\Temp


JNI global refs:
JNI global refs: 27, weak refs: 6

JNI global refs memory usage: 843, weak refs: 841


---------------  S Y S T E M  ---------------

OS:
 Windows 11 , 64 bit Build 22621 (10.0.22621.3235)
OS uptime: 2 days 4:13 hours

CPU: total 8 (initial active 8) (4 cores per cpu, 2 threads per core) family 6 model 140 stepping 2 microcode 0x16, cx8, cmov, fxsr, ht, mmx, 3dnowpref, sse, sse2, sse3, ssse3, sse4.1, sse4.2, popcnt, lzcnt, tsc, tscinvbit, avx, avx2, aes, erms, clmul, bmi1, bmi2, adx, avx512f, avx512dq, avx512cd, avx512bw, avx512vl, sha, fma, vzeroupper, avx512_vpopcntdq, avx512_vpclmulqdq, avx512_vaes, avx512_vnni, clflush, clflushopt, clwb, avx512_vbmi2, avx512_vbmi

Memory: 4k page, system-wide physical 16167M (296M free)
TotalPageFile size 65319M (AvailPageFile size 0M)
current process WorkingSet (physical memory assigned to process): 360M, peak: 652M
current process commit charge ("private bytes"): 634M, peak: 686M

vm_info: OpenJDK 64-Bit Server VM (17.0.6+0-b2043.56-10027231) for windows-amd64 JRE (17.0.6+0-b2043.56-10027231), built on Apr 28 2023 00:43:19 by "androidbuild" with MS VC++ 16.10 / 16.11 (VS2019)

END.
